{"C:\\UCSC Classes\\2022-23\\Fall2022\\CSE 186\\Assignment8\\frontend\\src\\App.jsx": {"path":"C:\\UCSC Classes\\2022-23\\Fall2022\\CSE 186\\Assignment8\\frontend\\src\\App.jsx","statementMap":{"0":{"start":{"line":15,"column":2},"end":{"line":24,"column":4}}},"fnMap":{"0":{"name":"App","decl":{"start":{"line":14,"column":9},"end":{"line":14,"column":12}},"loc":{"start":{"line":14,"column":15},"end":{"line":25,"column":1}},"line":14}},"branchMap":{},"s":{"0":1},"f":{"0":1},"b":{},"_coverageSchema":"1a1c01bbd47fc00a2c39e90264f33305004495a9","hash":"fec3db34fd2df54f3d536dfcd5f6a0b98dbe7e88"}
,"C:\\UCSC Classes\\2022-23\\Fall2022\\CSE 186\\Assignment8\\frontend\\src\\components\\HomeScreen.jsx": {"path":"C:\\UCSC Classes\\2022-23\\Fall2022\\CSE 186\\Assignment8\\frontend\\src\\components\\HomeScreen.jsx","statementMap":{"0":{"start":{"line":20,"column":15},"end":{"line":120,"column":1}},"1":{"start":{"line":21,"column":37},"end":{"line":27,"column":3}},"2":{"start":{"line":33,"column":34},"end":{"line":38,"column":3}},"3":{"start":{"line":39,"column":25},"end":{"line":44,"column":3}},"4":{"start":{"line":59,"column":47},"end":{"line":63,"column":3}},"5":{"start":{"line":64,"column":21},"end":{"line":67,"column":3}},"6":{"start":{"line":71,"column":27},"end":{"line":76,"column":3}},"7":{"start":{"line":77,"column":33},"end":{"line":79,"column":3}},"8":{"start":{"line":80,"column":30},"end":{"line":84,"column":3}},"9":{"start":{"line":85,"column":37},"end":{"line":87,"column":3}},"10":{"start":{"line":88,"column":39},"end":{"line":95,"column":3}},"11":{"start":{"line":96,"column":38},"end":{"line":105,"column":3}},"12":{"start":{"line":106,"column":46},"end":{"line":115,"column":3}},"13":{"start":{"line":116,"column":44},"end":{"line":119,"column":3}},"14":{"start":{"line":130,"column":20},"end":{"line":152,"column":1}},"15":{"start":{"line":131,"column":15},"end":{"line":131,"column":43}},"16":{"start":{"line":132,"column":2},"end":{"line":135,"column":3}},"17":{"start":{"line":133,"column":4},"end":{"line":133,"column":16}},"18":{"start":{"line":134,"column":4},"end":{"line":134,"column":11}},"19":{"start":{"line":136,"column":15},"end":{"line":136,"column":31}},"20":{"start":{"line":137,"column":22},"end":{"line":137,"column":38}},"21":{"start":{"line":138,"column":2},"end":{"line":151,"column":7}},"22":{"start":{"line":146,"column":6},"end":{"line":146,"column":29}},"23":{"start":{"line":149,"column":6},"end":{"line":149,"column":22}},"24":{"start":{"line":150,"column":6},"end":{"line":150,"column":26}},"25":{"start":{"line":159,"column":22},"end":{"line":179,"column":1}},"26":{"start":{"line":160,"column":15},"end":{"line":160,"column":43}},"27":{"start":{"line":161,"column":2},"end":{"line":163,"column":3}},"28":{"start":{"line":162,"column":4},"end":{"line":162,"column":11}},"29":{"start":{"line":164,"column":15},"end":{"line":164,"column":31}},"30":{"start":{"line":165,"column":22},"end":{"line":165,"column":38}},"31":{"start":{"line":166,"column":2},"end":{"line":178,"column":7}},"32":{"start":{"line":174,"column":6},"end":{"line":174,"column":29}},"33":{"start":{"line":177,"column":6},"end":{"line":177,"column":24}},"34":{"start":{"line":187,"column":19},"end":{"line":204,"column":1}},"35":{"start":{"line":188,"column":15},"end":{"line":188,"column":43}},"36":{"start":{"line":189,"column":15},"end":{"line":189,"column":31}},"37":{"start":{"line":190,"column":22},"end":{"line":190,"column":38}},"38":{"start":{"line":191,"column":2},"end":{"line":203,"column":7}},"39":{"start":{"line":199,"column":6},"end":{"line":199,"column":29}},"40":{"start":{"line":202,"column":6},"end":{"line":202,"column":25}},"41":{"start":{"line":206,"column":18},"end":{"line":224,"column":1}},"42":{"start":{"line":208,"column":15},"end":{"line":208,"column":43}},"43":{"start":{"line":209,"column":15},"end":{"line":209,"column":31}},"44":{"start":{"line":210,"column":22},"end":{"line":210,"column":38}},"45":{"start":{"line":212,"column":2},"end":{"line":223,"column":7}},"46":{"start":{"line":221,"column":6},"end":{"line":221,"column":61}},"47":{"start":{"line":222,"column":6},"end":{"line":222,"column":29}},"48":{"start":{"line":226,"column":19},"end":{"line":241,"column":1}},"49":{"start":{"line":227,"column":15},"end":{"line":227,"column":43}},"50":{"start":{"line":228,"column":15},"end":{"line":228,"column":31}},"51":{"start":{"line":229,"column":22},"end":{"line":229,"column":38}},"52":{"start":{"line":231,"column":2},"end":{"line":240,"column":7}},"53":{"start":{"line":239,"column":6},"end":{"line":239,"column":13}},"54":{"start":{"line":243,"column":18},"end":{"line":258,"column":1}},"55":{"start":{"line":244,"column":15},"end":{"line":244,"column":43}},"56":{"start":{"line":245,"column":15},"end":{"line":245,"column":31}},"57":{"start":{"line":246,"column":22},"end":{"line":246,"column":38}},"58":{"start":{"line":248,"column":2},"end":{"line":257,"column":7}},"59":{"start":{"line":256,"column":6},"end":{"line":256,"column":13}},"60":{"start":{"line":260,"column":23},"end":{"line":281,"column":1}},"61":{"start":{"line":261,"column":15},"end":{"line":261,"column":43}},"62":{"start":{"line":262,"column":15},"end":{"line":262,"column":31}},"63":{"start":{"line":263,"column":22},"end":{"line":263,"column":38}},"64":{"start":{"line":265,"column":2},"end":{"line":280,"column":7}},"65":{"start":{"line":274,"column":6},"end":{"line":274,"column":29}},"66":{"start":{"line":277,"column":27},"end":{"line":277,"column":36}},"67":{"start":{"line":278,"column":6},"end":{"line":278,"column":34}},"68":{"start":{"line":279,"column":6},"end":{"line":279,"column":33}},"69":{"start":{"line":283,"column":19},"end":{"line":301,"column":1}},"70":{"start":{"line":285,"column":15},"end":{"line":285,"column":43}},"71":{"start":{"line":286,"column":15},"end":{"line":286,"column":31}},"72":{"start":{"line":287,"column":22},"end":{"line":287,"column":38}},"73":{"start":{"line":289,"column":2},"end":{"line":300,"column":7}},"74":{"start":{"line":298,"column":6},"end":{"line":298,"column":61}},"75":{"start":{"line":299,"column":6},"end":{"line":299,"column":13}},"76":{"start":{"line":303,"column":26},"end":{"line":321,"column":1}},"77":{"start":{"line":304,"column":15},"end":{"line":304,"column":43}},"78":{"start":{"line":305,"column":15},"end":{"line":305,"column":31}},"79":{"start":{"line":306,"column":22},"end":{"line":306,"column":38}},"80":{"start":{"line":307,"column":2},"end":{"line":320,"column":7}},"81":{"start":{"line":315,"column":6},"end":{"line":315,"column":29}},"82":{"start":{"line":318,"column":6},"end":{"line":318,"column":22}},"83":{"start":{"line":319,"column":6},"end":{"line":319,"column":42}},"84":{"start":{"line":329,"column":18},"end":{"line":329,"column":31}},"85":{"start":{"line":332,"column":18},"end":{"line":335,"column":4}},"86":{"start":{"line":332,"column":25},"end":{"line":335,"column":3}},"87":{"start":{"line":337,"column":38},"end":{"line":337,"column":55}},"88":{"start":{"line":338,"column":2},"end":{"line":346,"column":9}},"89":{"start":{"line":339,"column":25},"end":{"line":341,"column":5}},"90":{"start":{"line":340,"column":6},"end":{"line":340,"column":29}},"91":{"start":{"line":342,"column":4},"end":{"line":342,"column":52}},"92":{"start":{"line":343,"column":4},"end":{"line":345,"column":6}},"93":{"start":{"line":344,"column":6},"end":{"line":344,"column":57}},"94":{"start":{"line":348,"column":30},"end":{"line":348,"column":48}},"95":{"start":{"line":349,"column":32},"end":{"line":349,"column":50}},"96":{"start":{"line":351,"column":34},"end":{"line":351,"column":54}},"97":{"start":{"line":353,"column":34},"end":{"line":353,"column":52}},"98":{"start":{"line":355,"column":36},"end":{"line":355,"column":56}},"99":{"start":{"line":357,"column":40},"end":{"line":357,"column":61}},"100":{"start":{"line":359,"column":36},"end":{"line":359,"column":54}},"101":{"start":{"line":360,"column":40},"end":{"line":360,"column":58}},"102":{"start":{"line":361,"column":40},"end":{"line":361,"column":58}},"103":{"start":{"line":363,"column":34},"end":{"line":363,"column":55}},"104":{"start":{"line":364,"column":38},"end":{"line":364,"column":56}},"105":{"start":{"line":366,"column":36},"end":{"line":366,"column":54}},"106":{"start":{"line":367,"column":40},"end":{"line":367,"column":61}},"107":{"start":{"line":369,"column":38},"end":{"line":369,"column":56}},"108":{"start":{"line":371,"column":17},"end":{"line":376,"column":3}},"109":{"start":{"line":372,"column":4},"end":{"line":372,"column":36}},"110":{"start":{"line":373,"column":4},"end":{"line":373,"column":18}},"111":{"start":{"line":374,"column":4},"end":{"line":374,"column":19}},"112":{"start":{"line":375,"column":4},"end":{"line":375,"column":22}},"113":{"start":{"line":378,"column":19},"end":{"line":380,"column":3}},"114":{"start":{"line":379,"column":4},"end":{"line":379,"column":22}},"115":{"start":{"line":382,"column":20},"end":{"line":384,"column":3}},"116":{"start":{"line":383,"column":4},"end":{"line":383,"column":23}},"117":{"start":{"line":386,"column":25},"end":{"line":389,"column":3}},"118":{"start":{"line":387,"column":4},"end":{"line":387,"column":55}},"119":{"start":{"line":388,"column":4},"end":{"line":388,"column":23}},"120":{"start":{"line":391,"column":27},"end":{"line":399,"column":3}},"121":{"start":{"line":392,"column":4},"end":{"line":392,"column":36}},"122":{"start":{"line":393,"column":4},"end":{"line":398,"column":5}},"123":{"start":{"line":394,"column":6},"end":{"line":394,"column":23}},"124":{"start":{"line":395,"column":6},"end":{"line":395,"column":26}},"125":{"start":{"line":396,"column":24},"end":{"line":396,"column":35}},"126":{"start":{"line":397,"column":6},"end":{"line":397,"column":27}},"127":{"start":{"line":401,"column":27},"end":{"line":416,"column":3}},"128":{"start":{"line":402,"column":4},"end":{"line":402,"column":22}},"129":{"start":{"line":403,"column":4},"end":{"line":403,"column":35}},"130":{"start":{"line":404,"column":4},"end":{"line":408,"column":5}},"131":{"start":{"line":404,"column":17},"end":{"line":404,"column":18}},"132":{"start":{"line":405,"column":6},"end":{"line":407,"column":7}},"133":{"start":{"line":406,"column":8},"end":{"line":406,"column":42}},"134":{"start":{"line":409,"column":22},"end":{"line":409,"column":33}},"135":{"start":{"line":410,"column":4},"end":{"line":410,"column":25}},"136":{"start":{"line":411,"column":4},"end":{"line":415,"column":5}},"137":{"start":{"line":412,"column":6},"end":{"line":412,"column":40}},"138":{"start":{"line":413,"column":27},"end":{"line":413,"column":55}},"139":{"start":{"line":414,"column":6},"end":{"line":414,"column":33}},"140":{"start":{"line":418,"column":23},"end":{"line":429,"column":3}},"141":{"start":{"line":419,"column":4},"end":{"line":419,"column":23}},"142":{"start":{"line":420,"column":4},"end":{"line":420,"column":21}},"143":{"start":{"line":422,"column":4},"end":{"line":426,"column":5}},"144":{"start":{"line":422,"column":17},"end":{"line":422,"column":18}},"145":{"start":{"line":423,"column":6},"end":{"line":425,"column":7}},"146":{"start":{"line":424,"column":8},"end":{"line":424,"column":33}},"147":{"start":{"line":427,"column":22},"end":{"line":427,"column":33}},"148":{"start":{"line":428,"column":4},"end":{"line":428,"column":25}},"149":{"start":{"line":431,"column":27},"end":{"line":443,"column":3}},"150":{"start":{"line":432,"column":22},"end":{"line":436,"column":5}},"151":{"start":{"line":437,"column":4},"end":{"line":438,"column":29}},"152":{"start":{"line":439,"column":4},"end":{"line":439,"column":26}},"153":{"start":{"line":440,"column":4},"end":{"line":440,"column":21}},"154":{"start":{"line":441,"column":4},"end":{"line":441,"column":23}},"155":{"start":{"line":442,"column":4},"end":{"line":442,"column":23}},"156":{"start":{"line":445,"column":29},"end":{"line":450,"column":3}},"157":{"start":{"line":446,"column":4},"end":{"line":446,"column":26}},"158":{"start":{"line":447,"column":4},"end":{"line":447,"column":21}},"159":{"start":{"line":448,"column":4},"end":{"line":448,"column":23}},"160":{"start":{"line":449,"column":4},"end":{"line":449,"column":23}},"161":{"start":{"line":452,"column":28},"end":{"line":456,"column":3}},"162":{"start":{"line":453,"column":4},"end":{"line":453,"column":25}},"163":{"start":{"line":454,"column":4},"end":{"line":454,"column":35}},"164":{"start":{"line":455,"column":4},"end":{"line":455,"column":43}},"165":{"start":{"line":458,"column":29},"end":{"line":469,"column":3}},"166":{"start":{"line":459,"column":4},"end":{"line":468,"column":5}},"167":{"start":{"line":460,"column":6},"end":{"line":460,"column":24}},"168":{"start":{"line":461,"column":6},"end":{"line":461,"column":24}},"169":{"start":{"line":463,"column":6},"end":{"line":466,"column":7}},"170":{"start":{"line":464,"column":8},"end":{"line":464,"column":58}},"171":{"start":{"line":465,"column":8},"end":{"line":465,"column":26}},"172":{"start":{"line":467,"column":6},"end":{"line":467,"column":25}},"173":{"start":{"line":471,"column":23},"end":{"line":479,"column":3}},"174":{"start":{"line":472,"column":4},"end":{"line":474,"column":5}},"175":{"start":{"line":473,"column":6},"end":{"line":473,"column":13}},"176":{"start":{"line":475,"column":4},"end":{"line":476,"column":40}},"177":{"start":{"line":477,"column":4},"end":{"line":477,"column":25}},"178":{"start":{"line":478,"column":4},"end":{"line":478,"column":23}},"179":{"start":{"line":481,"column":26},"end":{"line":489,"column":3}},"180":{"start":{"line":482,"column":4},"end":{"line":488,"column":5}},"181":{"start":{"line":483,"column":6},"end":{"line":483,"column":28}},"182":{"start":{"line":484,"column":6},"end":{"line":484,"column":34}},"183":{"start":{"line":486,"column":6},"end":{"line":486,"column":27}},"184":{"start":{"line":487,"column":6},"end":{"line":487,"column":23}},"185":{"start":{"line":491,"column":29},"end":{"line":498,"column":3}},"186":{"start":{"line":492,"column":4},"end":{"line":495,"column":5}},"187":{"start":{"line":493,"column":6},"end":{"line":493,"column":24}},"188":{"start":{"line":494,"column":6},"end":{"line":494,"column":13}},"189":{"start":{"line":496,"column":4},"end":{"line":496,"column":22}},"190":{"start":{"line":497,"column":4},"end":{"line":497,"column":57}},"191":{"start":{"line":500,"column":20},"end":{"line":502,"column":15}},"192":{"start":{"line":501,"column":4},"end":{"line":501,"column":22}},"193":{"start":{"line":504,"column":23},"end":{"line":515,"column":3}},"194":{"start":{"line":505,"column":22},"end":{"line":505,"column":44}},"195":{"start":{"line":506,"column":22},"end":{"line":506,"column":44}},"196":{"start":{"line":508,"column":4},"end":{"line":514,"column":5}},"197":{"start":{"line":509,"column":6},"end":{"line":509,"column":15}},"198":{"start":{"line":510,"column":11},"end":{"line":514,"column":5}},"199":{"start":{"line":511,"column":6},"end":{"line":511,"column":15}},"200":{"start":{"line":513,"column":6},"end":{"line":513,"column":15}},"201":{"start":{"line":517,"column":27},"end":{"line":532,"column":3}},"202":{"start":{"line":518,"column":4},"end":{"line":520,"column":5}},"203":{"start":{"line":519,"column":6},"end":{"line":519,"column":16}},"204":{"start":{"line":522,"column":22},"end":{"line":522,"column":40}},"205":{"start":{"line":523,"column":21},"end":{"line":523,"column":47}},"206":{"start":{"line":525,"column":4},"end":{"line":529,"column":5}},"207":{"start":{"line":525,"column":17},"end":{"line":525,"column":18}},"208":{"start":{"line":526,"column":6},"end":{"line":528,"column":7}},"209":{"start":{"line":527,"column":8},"end":{"line":527,"column":30}},"210":{"start":{"line":531,"column":4},"end":{"line":531,"column":20}},"211":{"start":{"line":534,"column":2},"end":{"line":538,"column":18}},"212":{"start":{"line":535,"column":4},"end":{"line":535,"column":59}},"213":{"start":{"line":536,"column":4},"end":{"line":536,"column":31}},"214":{"start":{"line":537,"column":4},"end":{"line":537,"column":16}},"215":{"start":{"line":540,"column":2},"end":{"line":831,"column":4}},"216":{"start":{"line":563,"column":27},"end":{"line":563,"column":56}},"217":{"start":{"line":567,"column":25},"end":{"line":567,"column":55}},"218":{"start":{"line":573,"column":25},"end":{"line":573,"column":42}},"219":{"start":{"line":579,"column":25},"end":{"line":579,"column":45}},"220":{"start":{"line":617,"column":10},"end":{"line":624,"column":12}},"221":{"start":{"line":621,"column":29},"end":{"line":621,"column":48}},"222":{"start":{"line":630,"column":10},"end":{"line":637,"column":12}},"223":{"start":{"line":634,"column":29},"end":{"line":634,"column":48}},"224":{"start":{"line":640,"column":25},"end":{"line":640,"column":45}},"225":{"start":{"line":646,"column":27},"end":{"line":646,"column":56}},"226":{"start":{"line":658,"column":12},"end":{"line":682,"column":14}},"227":{"start":{"line":664,"column":33},"end":{"line":664,"column":56}},"228":{"start":{"line":670,"column":33},"end":{"line":670,"column":56}},"229":{"start":{"line":676,"column":33},"end":{"line":676,"column":56}},"230":{"start":{"line":694,"column":29},"end":{"line":694,"column":47}},"231":{"start":{"line":701,"column":29},"end":{"line":701,"column":52}},"232":{"start":{"line":708,"column":29},"end":{"line":708,"column":66}},"233":{"start":{"line":713,"column":16},"end":{"line":721,"column":18}},"234":{"start":{"line":715,"column":35},"end":{"line":715,"column":53}},"235":{"start":{"line":728,"column":29},"end":{"line":728,"column":61}},"236":{"start":{"line":744,"column":25},"end":{"line":744,"column":52}},"237":{"start":{"line":750,"column":25},"end":{"line":750,"column":52}},"238":{"start":{"line":757,"column":25},"end":{"line":757,"column":53}},"239":{"start":{"line":789,"column":31},"end":{"line":789,"column":51}},"240":{"start":{"line":796,"column":31},"end":{"line":796,"column":49}},"241":{"start":{"line":806,"column":31},"end":{"line":806,"column":59}},"242":{"start":{"line":814,"column":31},"end":{"line":814,"column":61}},"243":{"start":{"line":824,"column":31},"end":{"line":824,"column":61}},"244":{"start":{"line":834,"column":20},"end":{"line":873,"column":1}},"245":{"start":{"line":835,"column":15},"end":{"line":835,"column":32}},"246":{"start":{"line":836,"column":14},"end":{"line":836,"column":24}},"247":{"start":{"line":837,"column":15},"end":{"line":837,"column":25}},"248":{"start":{"line":838,"column":2},"end":{"line":838,"column":35}},"249":{"start":{"line":839,"column":13},"end":{"line":839,"column":23}},"250":{"start":{"line":840,"column":2},"end":{"line":840,"column":39}},"251":{"start":{"line":842,"column":19},"end":{"line":842,"column":59}},"252":{"start":{"line":843,"column":20},"end":{"line":843,"column":54}},"253":{"start":{"line":844,"column":19},"end":{"line":844,"column":51}},"254":{"start":{"line":846,"column":20},"end":{"line":846,"column":61}},"255":{"start":{"line":847,"column":21},"end":{"line":847,"column":56}},"256":{"start":{"line":848,"column":20},"end":{"line":848,"column":53}},"257":{"start":{"line":850,"column":21},"end":{"line":850,"column":58}},"258":{"start":{"line":851,"column":21},"end":{"line":851,"column":60}},"259":{"start":{"line":852,"column":21},"end":{"line":852,"column":53}},"260":{"start":{"line":854,"column":2},"end":{"line":872,"column":3}},"261":{"start":{"line":855,"column":20},"end":{"line":858,"column":5}},"262":{"start":{"line":860,"column":4},"end":{"line":860,"column":53}},"263":{"start":{"line":861,"column":9},"end":{"line":872,"column":3}},"264":{"start":{"line":862,"column":4},"end":{"line":862,"column":23}},"265":{"start":{"line":863,"column":9},"end":{"line":872,"column":3}},"266":{"start":{"line":864,"column":20},"end":{"line":867,"column":5}},"267":{"start":{"line":869,"column":4},"end":{"line":869,"column":53}},"268":{"start":{"line":871,"column":4},"end":{"line":871,"column":35}}},"fnMap":{"0":{"name":"(anonymous_0)","decl":{"start":{"line":21,"column":10},"end":{"line":21,"column":11}},"loc":{"start":{"line":21,"column":37},"end":{"line":27,"column":3}},"line":21},"1":{"name":"(anonymous_1)","decl":{"start":{"line":33,"column":18},"end":{"line":33,"column":19}},"loc":{"start":{"line":33,"column":34},"end":{"line":38,"column":3}},"line":33},"2":{"name":"(anonymous_2)","decl":{"start":{"line":39,"column":9},"end":{"line":39,"column":10}},"loc":{"start":{"line":39,"column":25},"end":{"line":44,"column":3}},"line":39},"3":{"name":"(anonymous_3)","decl":{"start":{"line":59,"column":20},"end":{"line":59,"column":21}},"loc":{"start":{"line":59,"column":47},"end":{"line":63,"column":3}},"line":59},"4":{"name":"(anonymous_4)","decl":{"start":{"line":64,"column":8},"end":{"line":64,"column":9}},"loc":{"start":{"line":64,"column":21},"end":{"line":67,"column":3}},"line":64},"5":{"name":"(anonymous_5)","decl":{"start":{"line":71,"column":9},"end":{"line":71,"column":10}},"loc":{"start":{"line":71,"column":27},"end":{"line":76,"column":3}},"line":71},"6":{"name":"(anonymous_6)","decl":{"start":{"line":77,"column":15},"end":{"line":77,"column":16}},"loc":{"start":{"line":77,"column":33},"end":{"line":79,"column":3}},"line":77},"7":{"name":"(anonymous_7)","decl":{"start":{"line":80,"column":14},"end":{"line":80,"column":15}},"loc":{"start":{"line":80,"column":30},"end":{"line":84,"column":3}},"line":80},"8":{"name":"(anonymous_8)","decl":{"start":{"line":85,"column":19},"end":{"line":85,"column":20}},"loc":{"start":{"line":85,"column":37},"end":{"line":87,"column":3}},"line":85},"9":{"name":"(anonymous_9)","decl":{"start":{"line":88,"column":10},"end":{"line":88,"column":11}},"loc":{"start":{"line":88,"column":39},"end":{"line":95,"column":3}},"line":88},"10":{"name":"(anonymous_10)","decl":{"start":{"line":96,"column":20},"end":{"line":96,"column":21}},"loc":{"start":{"line":96,"column":38},"end":{"line":105,"column":3}},"line":96},"11":{"name":"(anonymous_11)","decl":{"start":{"line":106,"column":17},"end":{"line":106,"column":18}},"loc":{"start":{"line":106,"column":46},"end":{"line":115,"column":3}},"line":106},"12":{"name":"(anonymous_12)","decl":{"start":{"line":116,"column":13},"end":{"line":116,"column":14}},"loc":{"start":{"line":116,"column":44},"end":{"line":119,"column":3}},"line":116},"13":{"name":"(anonymous_13)","decl":{"start":{"line":130,"column":20},"end":{"line":130,"column":21}},"loc":{"start":{"line":130,"column":67},"end":{"line":152,"column":1}},"line":130},"14":{"name":"(anonymous_14)","decl":{"start":{"line":145,"column":10},"end":{"line":145,"column":11}},"loc":{"start":{"line":145,"column":24},"end":{"line":147,"column":5}},"line":145},"15":{"name":"(anonymous_15)","decl":{"start":{"line":148,"column":10},"end":{"line":148,"column":11}},"loc":{"start":{"line":148,"column":20},"end":{"line":151,"column":5}},"line":148},"16":{"name":"(anonymous_16)","decl":{"start":{"line":159,"column":22},"end":{"line":159,"column":23}},"loc":{"start":{"line":159,"column":39},"end":{"line":179,"column":1}},"line":159},"17":{"name":"(anonymous_17)","decl":{"start":{"line":173,"column":10},"end":{"line":173,"column":11}},"loc":{"start":{"line":173,"column":24},"end":{"line":175,"column":5}},"line":173},"18":{"name":"(anonymous_18)","decl":{"start":{"line":176,"column":10},"end":{"line":176,"column":11}},"loc":{"start":{"line":176,"column":20},"end":{"line":178,"column":5}},"line":176},"19":{"name":"(anonymous_19)","decl":{"start":{"line":187,"column":19},"end":{"line":187,"column":20}},"loc":{"start":{"line":187,"column":44},"end":{"line":204,"column":1}},"line":187},"20":{"name":"(anonymous_20)","decl":{"start":{"line":198,"column":10},"end":{"line":198,"column":11}},"loc":{"start":{"line":198,"column":24},"end":{"line":200,"column":5}},"line":198},"21":{"name":"(anonymous_21)","decl":{"start":{"line":201,"column":10},"end":{"line":201,"column":11}},"loc":{"start":{"line":201,"column":20},"end":{"line":203,"column":5}},"line":201},"22":{"name":"(anonymous_22)","decl":{"start":{"line":206,"column":18},"end":{"line":206,"column":19}},"loc":{"start":{"line":207,"column":28},"end":{"line":224,"column":1}},"line":207},"23":{"name":"(anonymous_23)","decl":{"start":{"line":220,"column":10},"end":{"line":220,"column":11}},"loc":{"start":{"line":220,"column":24},"end":{"line":223,"column":5}},"line":220},"24":{"name":"(anonymous_24)","decl":{"start":{"line":226,"column":19},"end":{"line":226,"column":20}},"loc":{"start":{"line":226,"column":30},"end":{"line":241,"column":1}},"line":226},"25":{"name":"(anonymous_25)","decl":{"start":{"line":238,"column":10},"end":{"line":238,"column":11}},"loc":{"start":{"line":238,"column":24},"end":{"line":240,"column":5}},"line":238},"26":{"name":"(anonymous_26)","decl":{"start":{"line":243,"column":18},"end":{"line":243,"column":19}},"loc":{"start":{"line":243,"column":29},"end":{"line":258,"column":1}},"line":243},"27":{"name":"(anonymous_27)","decl":{"start":{"line":255,"column":10},"end":{"line":255,"column":11}},"loc":{"start":{"line":255,"column":24},"end":{"line":257,"column":5}},"line":255},"28":{"name":"(anonymous_28)","decl":{"start":{"line":260,"column":23},"end":{"line":260,"column":24}},"loc":{"start":{"line":260,"column":59},"end":{"line":281,"column":1}},"line":260},"29":{"name":"(anonymous_29)","decl":{"start":{"line":273,"column":10},"end":{"line":273,"column":11}},"loc":{"start":{"line":273,"column":24},"end":{"line":275,"column":5}},"line":273},"30":{"name":"(anonymous_30)","decl":{"start":{"line":276,"column":10},"end":{"line":276,"column":11}},"loc":{"start":{"line":276,"column":20},"end":{"line":280,"column":5}},"line":276},"31":{"name":"(anonymous_31)","decl":{"start":{"line":283,"column":19},"end":{"line":283,"column":20}},"loc":{"start":{"line":284,"column":39},"end":{"line":301,"column":1}},"line":284},"32":{"name":"(anonymous_32)","decl":{"start":{"line":297,"column":10},"end":{"line":297,"column":11}},"loc":{"start":{"line":297,"column":24},"end":{"line":300,"column":5}},"line":297},"33":{"name":"(anonymous_33)","decl":{"start":{"line":303,"column":26},"end":{"line":303,"column":27}},"loc":{"start":{"line":303,"column":65},"end":{"line":321,"column":1}},"line":303},"34":{"name":"(anonymous_34)","decl":{"start":{"line":314,"column":10},"end":{"line":314,"column":11}},"loc":{"start":{"line":314,"column":24},"end":{"line":316,"column":5}},"line":314},"35":{"name":"(anonymous_35)","decl":{"start":{"line":317,"column":10},"end":{"line":317,"column":11}},"loc":{"start":{"line":317,"column":20},"end":{"line":320,"column":5}},"line":317},"36":{"name":"HomeScreen","decl":{"start":{"line":328,"column":9},"end":{"line":328,"column":19}},"loc":{"start":{"line":328,"column":22},"end":{"line":832,"column":1}},"line":328},"37":{"name":"(anonymous_37)","decl":{"start":{"line":332,"column":18},"end":{"line":332,"column":19}},"loc":{"start":{"line":332,"column":25},"end":{"line":335,"column":3}},"line":332},"38":{"name":"(anonymous_38)","decl":{"start":{"line":338,"column":12},"end":{"line":338,"column":13}},"loc":{"start":{"line":338,"column":18},"end":{"line":346,"column":3}},"line":338},"39":{"name":"(anonymous_39)","decl":{"start":{"line":339,"column":25},"end":{"line":339,"column":26}},"loc":{"start":{"line":339,"column":31},"end":{"line":341,"column":5}},"line":339},"40":{"name":"(anonymous_40)","decl":{"start":{"line":343,"column":11},"end":{"line":343,"column":12}},"loc":{"start":{"line":343,"column":17},"end":{"line":345,"column":5}},"line":343},"41":{"name":"(anonymous_41)","decl":{"start":{"line":371,"column":17},"end":{"line":371,"column":18}},"loc":{"start":{"line":371,"column":23},"end":{"line":376,"column":3}},"line":371},"42":{"name":"(anonymous_42)","decl":{"start":{"line":378,"column":19},"end":{"line":378,"column":20}},"loc":{"start":{"line":378,"column":25},"end":{"line":380,"column":3}},"line":378},"43":{"name":"(anonymous_43)","decl":{"start":{"line":382,"column":20},"end":{"line":382,"column":21}},"loc":{"start":{"line":382,"column":26},"end":{"line":384,"column":3}},"line":382},"44":{"name":"(anonymous_44)","decl":{"start":{"line":386,"column":25},"end":{"line":386,"column":26}},"loc":{"start":{"line":386,"column":34},"end":{"line":389,"column":3}},"line":386},"45":{"name":"(anonymous_45)","decl":{"start":{"line":391,"column":27},"end":{"line":391,"column":28}},"loc":{"start":{"line":391,"column":38},"end":{"line":399,"column":3}},"line":391},"46":{"name":"(anonymous_46)","decl":{"start":{"line":401,"column":27},"end":{"line":401,"column":28}},"loc":{"start":{"line":401,"column":38},"end":{"line":416,"column":3}},"line":401},"47":{"name":"(anonymous_47)","decl":{"start":{"line":418,"column":23},"end":{"line":418,"column":24}},"loc":{"start":{"line":418,"column":34},"end":{"line":429,"column":3}},"line":418},"48":{"name":"(anonymous_48)","decl":{"start":{"line":431,"column":27},"end":{"line":431,"column":28}},"loc":{"start":{"line":431,"column":33},"end":{"line":443,"column":3}},"line":431},"49":{"name":"(anonymous_49)","decl":{"start":{"line":445,"column":29},"end":{"line":445,"column":30}},"loc":{"start":{"line":445,"column":35},"end":{"line":450,"column":3}},"line":445},"50":{"name":"(anonymous_50)","decl":{"start":{"line":452,"column":28},"end":{"line":452,"column":29}},"loc":{"start":{"line":452,"column":39},"end":{"line":456,"column":3}},"line":452},"51":{"name":"(anonymous_51)","decl":{"start":{"line":458,"column":29},"end":{"line":458,"column":30}},"loc":{"start":{"line":458,"column":35},"end":{"line":469,"column":3}},"line":458},"52":{"name":"(anonymous_52)","decl":{"start":{"line":471,"column":23},"end":{"line":471,"column":24}},"loc":{"start":{"line":471,"column":42},"end":{"line":479,"column":3}},"line":471},"53":{"name":"(anonymous_53)","decl":{"start":{"line":481,"column":26},"end":{"line":481,"column":27}},"loc":{"start":{"line":481,"column":45},"end":{"line":489,"column":3}},"line":481},"54":{"name":"(anonymous_54)","decl":{"start":{"line":491,"column":29},"end":{"line":491,"column":30}},"loc":{"start":{"line":491,"column":45},"end":{"line":498,"column":3}},"line":491},"55":{"name":"(anonymous_55)","decl":{"start":{"line":500,"column":32},"end":{"line":500,"column":33}},"loc":{"start":{"line":500,"column":38},"end":{"line":502,"column":3}},"line":500},"56":{"name":"(anonymous_56)","decl":{"start":{"line":504,"column":23},"end":{"line":504,"column":24}},"loc":{"start":{"line":504,"column":29},"end":{"line":515,"column":3}},"line":504},"57":{"name":"(anonymous_57)","decl":{"start":{"line":517,"column":27},"end":{"line":517,"column":28}},"loc":{"start":{"line":517,"column":33},"end":{"line":532,"column":3}},"line":517},"58":{"name":"(anonymous_58)","decl":{"start":{"line":534,"column":18},"end":{"line":534,"column":19}},"loc":{"start":{"line":534,"column":24},"end":{"line":538,"column":3}},"line":534},"59":{"name":"(anonymous_59)","decl":{"start":{"line":563,"column":20},"end":{"line":563,"column":21}},"loc":{"start":{"line":563,"column":27},"end":{"line":563,"column":56}},"line":563},"60":{"name":"(anonymous_60)","decl":{"start":{"line":567,"column":19},"end":{"line":567,"column":20}},"loc":{"start":{"line":567,"column":25},"end":{"line":567,"column":55}},"line":567},"61":{"name":"(anonymous_61)","decl":{"start":{"line":573,"column":19},"end":{"line":573,"column":20}},"loc":{"start":{"line":573,"column":25},"end":{"line":573,"column":42}},"line":573},"62":{"name":"(anonymous_62)","decl":{"start":{"line":579,"column":19},"end":{"line":579,"column":20}},"loc":{"start":{"line":579,"column":25},"end":{"line":579,"column":45}},"line":579},"63":{"name":"(anonymous_63)","decl":{"start":{"line":616,"column":23},"end":{"line":616,"column":24}},"loc":{"start":{"line":616,"column":32},"end":{"line":625,"column":9}},"line":616},"64":{"name":"(anonymous_64)","decl":{"start":{"line":621,"column":23},"end":{"line":621,"column":24}},"loc":{"start":{"line":621,"column":29},"end":{"line":621,"column":48}},"line":621},"65":{"name":"(anonymous_65)","decl":{"start":{"line":629,"column":22},"end":{"line":629,"column":23}},"loc":{"start":{"line":629,"column":31},"end":{"line":638,"column":9}},"line":629},"66":{"name":"(anonymous_66)","decl":{"start":{"line":634,"column":23},"end":{"line":634,"column":24}},"loc":{"start":{"line":634,"column":29},"end":{"line":634,"column":48}},"line":634},"67":{"name":"(anonymous_67)","decl":{"start":{"line":640,"column":19},"end":{"line":640,"column":20}},"loc":{"start":{"line":640,"column":25},"end":{"line":640,"column":45}},"line":640},"68":{"name":"(anonymous_68)","decl":{"start":{"line":646,"column":20},"end":{"line":646,"column":21}},"loc":{"start":{"line":646,"column":27},"end":{"line":646,"column":56}},"line":646},"69":{"name":"(anonymous_69)","decl":{"start":{"line":657,"column":22},"end":{"line":657,"column":23}},"loc":{"start":{"line":657,"column":33},"end":{"line":683,"column":11}},"line":657},"70":{"name":"(anonymous_70)","decl":{"start":{"line":664,"column":27},"end":{"line":664,"column":28}},"loc":{"start":{"line":664,"column":33},"end":{"line":664,"column":56}},"line":664},"71":{"name":"(anonymous_71)","decl":{"start":{"line":670,"column":27},"end":{"line":670,"column":28}},"loc":{"start":{"line":670,"column":33},"end":{"line":670,"column":56}},"line":670},"72":{"name":"(anonymous_72)","decl":{"start":{"line":676,"column":27},"end":{"line":676,"column":28}},"loc":{"start":{"line":676,"column":33},"end":{"line":676,"column":56}},"line":676},"73":{"name":"(anonymous_73)","decl":{"start":{"line":694,"column":23},"end":{"line":694,"column":24}},"loc":{"start":{"line":694,"column":29},"end":{"line":694,"column":47}},"line":694},"74":{"name":"(anonymous_74)","decl":{"start":{"line":701,"column":23},"end":{"line":701,"column":24}},"loc":{"start":{"line":701,"column":29},"end":{"line":701,"column":52}},"line":701},"75":{"name":"(anonymous_75)","decl":{"start":{"line":708,"column":23},"end":{"line":708,"column":24}},"loc":{"start":{"line":708,"column":29},"end":{"line":708,"column":66}},"line":708},"76":{"name":"(anonymous_76)","decl":{"start":{"line":712,"column":38},"end":{"line":712,"column":39}},"loc":{"start":{"line":712,"column":48},"end":{"line":722,"column":15}},"line":712},"77":{"name":"(anonymous_77)","decl":{"start":{"line":715,"column":29},"end":{"line":715,"column":30}},"loc":{"start":{"line":715,"column":35},"end":{"line":715,"column":53}},"line":715},"78":{"name":"(anonymous_78)","decl":{"start":{"line":728,"column":23},"end":{"line":728,"column":24}},"loc":{"start":{"line":728,"column":29},"end":{"line":728,"column":61}},"line":728},"79":{"name":"(anonymous_79)","decl":{"start":{"line":744,"column":19},"end":{"line":744,"column":20}},"loc":{"start":{"line":744,"column":25},"end":{"line":744,"column":52}},"line":744},"80":{"name":"(anonymous_80)","decl":{"start":{"line":750,"column":19},"end":{"line":750,"column":20}},"loc":{"start":{"line":750,"column":25},"end":{"line":750,"column":52}},"line":750},"81":{"name":"(anonymous_81)","decl":{"start":{"line":757,"column":19},"end":{"line":757,"column":20}},"loc":{"start":{"line":757,"column":25},"end":{"line":757,"column":53}},"line":757},"82":{"name":"(anonymous_82)","decl":{"start":{"line":789,"column":25},"end":{"line":789,"column":26}},"loc":{"start":{"line":789,"column":31},"end":{"line":789,"column":51}},"line":789},"83":{"name":"(anonymous_83)","decl":{"start":{"line":796,"column":25},"end":{"line":796,"column":26}},"loc":{"start":{"line":796,"column":31},"end":{"line":796,"column":49}},"line":796},"84":{"name":"(anonymous_84)","decl":{"start":{"line":806,"column":24},"end":{"line":806,"column":25}},"loc":{"start":{"line":806,"column":31},"end":{"line":806,"column":59}},"line":806},"85":{"name":"(anonymous_85)","decl":{"start":{"line":814,"column":24},"end":{"line":814,"column":25}},"loc":{"start":{"line":814,"column":31},"end":{"line":814,"column":61}},"line":814},"86":{"name":"(anonymous_86)","decl":{"start":{"line":824,"column":24},"end":{"line":824,"column":25}},"loc":{"start":{"line":824,"column":31},"end":{"line":824,"column":61}},"line":824},"87":{"name":"(anonymous_87)","decl":{"start":{"line":834,"column":20},"end":{"line":834,"column":21}},"loc":{"start":{"line":834,"column":33},"end":{"line":873,"column":1}},"line":834}},"branchMap":{"0":{"loc":{"start":{"line":24,"column":15},"end":{"line":24,"column":72}},"type":"cond-expr","locations":[{"start":{"line":24,"column":49},"end":{"line":24,"column":63}},{"start":{"line":24,"column":66},"end":{"line":24,"column":72}}],"line":24},"1":{"loc":{"start":{"line":24,"column":16},"end":{"line":24,"column":45}},"type":"binary-expr","locations":[{"start":{"line":24,"column":16},"end":{"line":24,"column":31}},{"start":{"line":24,"column":35},"end":{"line":24,"column":45}}],"line":24},"2":{"loc":{"start":{"line":37,"column":15},"end":{"line":37,"column":58}},"type":"cond-expr","locations":[{"start":{"line":37,"column":35},"end":{"line":37,"column":41}},{"start":{"line":37,"column":44},"end":{"line":37,"column":58}}],"line":37},"3":{"loc":{"start":{"line":43,"column":15},"end":{"line":43,"column":56}},"type":"cond-expr","locations":[{"start":{"line":43,"column":33},"end":{"line":43,"column":39}},{"start":{"line":43,"column":42},"end":{"line":43,"column":56}}],"line":43},"4":{"loc":{"start":{"line":60,"column":19},"end":{"line":60,"column":54}},"type":"cond-expr","locations":[{"start":{"line":60,"column":39},"end":{"line":60,"column":46}},{"start":{"line":60,"column":49},"end":{"line":60,"column":54}}],"line":60},"5":{"loc":{"start":{"line":61,"column":20},"end":{"line":61,"column":53}},"type":"cond-expr","locations":[{"start":{"line":61,"column":40},"end":{"line":61,"column":45}},{"start":{"line":61,"column":48},"end":{"line":61,"column":53}}],"line":61},"6":{"loc":{"start":{"line":62,"column":15},"end":{"line":62,"column":64}},"type":"cond-expr","locations":[{"start":{"line":62,"column":48},"end":{"line":62,"column":54}},{"start":{"line":62,"column":57},"end":{"line":62,"column":64}}],"line":62},"7":{"loc":{"start":{"line":62,"column":16},"end":{"line":62,"column":44}},"type":"binary-expr","locations":[{"start":{"line":62,"column":16},"end":{"line":62,"column":31}},{"start":{"line":62,"column":35},"end":{"line":62,"column":44}}],"line":62},"8":{"loc":{"start":{"line":66,"column":18},"end":{"line":66,"column":47}},"type":"cond-expr","locations":[{"start":{"line":66,"column":30},"end":{"line":66,"column":36}},{"start":{"line":66,"column":39},"end":{"line":66,"column":47}}],"line":66},"9":{"loc":{"start":{"line":72,"column":15},"end":{"line":72,"column":47}},"type":"cond-expr","locations":[{"start":{"line":72,"column":31},"end":{"line":72,"column":38}},{"start":{"line":72,"column":41},"end":{"line":72,"column":47}}],"line":72},"10":{"loc":{"start":{"line":78,"column":15},"end":{"line":78,"column":54}},"type":"cond-expr","locations":[{"start":{"line":78,"column":31},"end":{"line":78,"column":45}},{"start":{"line":78,"column":48},"end":{"line":78,"column":54}}],"line":78},"11":{"loc":{"start":{"line":83,"column":14},"end":{"line":83,"column":42}},"type":"cond-expr","locations":[{"start":{"line":83,"column":32},"end":{"line":83,"column":36}},{"start":{"line":83,"column":39},"end":{"line":83,"column":42}}],"line":83},"12":{"loc":{"start":{"line":86,"column":15},"end":{"line":86,"column":47}},"type":"cond-expr","locations":[{"start":{"line":86,"column":31},"end":{"line":86,"column":38}},{"start":{"line":86,"column":41},"end":{"line":86,"column":47}}],"line":86},"13":{"loc":{"start":{"line":90,"column":11},"end":{"line":90,"column":43}},"type":"cond-expr","locations":[{"start":{"line":90,"column":31},"end":{"line":90,"column":34}},{"start":{"line":90,"column":37},"end":{"line":90,"column":43}}],"line":90},"14":{"loc":{"start":{"line":91,"column":12},"end":{"line":91,"column":43}},"type":"cond-expr","locations":[{"start":{"line":91,"column":32},"end":{"line":91,"column":35}},{"start":{"line":91,"column":38},"end":{"line":91,"column":43}}],"line":91},"15":{"loc":{"start":{"line":92,"column":13},"end":{"line":92,"column":47}},"type":"cond-expr","locations":[{"start":{"line":92,"column":33},"end":{"line":92,"column":39}},{"start":{"line":92,"column":42},"end":{"line":92,"column":47}}],"line":92},"16":{"loc":{"start":{"line":94,"column":15},"end":{"line":94,"column":45}},"type":"cond-expr","locations":[{"start":{"line":94,"column":29},"end":{"line":94,"column":36}},{"start":{"line":94,"column":39},"end":{"line":94,"column":45}}],"line":94},"17":{"loc":{"start":{"line":102,"column":15},"end":{"line":102,"column":45}},"type":"cond-expr","locations":[{"start":{"line":102,"column":29},"end":{"line":102,"column":36}},{"start":{"line":102,"column":39},"end":{"line":102,"column":45}}],"line":102},"18":{"loc":{"start":{"line":108,"column":11},"end":{"line":108,"column":43}},"type":"cond-expr","locations":[{"start":{"line":108,"column":31},"end":{"line":108,"column":35}},{"start":{"line":108,"column":38},"end":{"line":108,"column":43}}],"line":108},"19":{"loc":{"start":{"line":109,"column":12},"end":{"line":109,"column":44}},"type":"cond-expr","locations":[{"start":{"line":109,"column":32},"end":{"line":109,"column":36}},{"start":{"line":109,"column":39},"end":{"line":109,"column":44}}],"line":109},"20":{"loc":{"start":{"line":110,"column":13},"end":{"line":110,"column":47}},"type":"cond-expr","locations":[{"start":{"line":110,"column":33},"end":{"line":110,"column":39}},{"start":{"line":110,"column":42},"end":{"line":110,"column":47}}],"line":110},"21":{"loc":{"start":{"line":111,"column":14},"end":{"line":111,"column":48}},"type":"cond-expr","locations":[{"start":{"line":111,"column":34},"end":{"line":111,"column":40}},{"start":{"line":111,"column":43},"end":{"line":111,"column":48}}],"line":111},"22":{"loc":{"start":{"line":112,"column":15},"end":{"line":112,"column":45}},"type":"cond-expr","locations":[{"start":{"line":112,"column":29},"end":{"line":112,"column":36}},{"start":{"line":112,"column":39},"end":{"line":112,"column":45}}],"line":112},"23":{"loc":{"start":{"line":117,"column":15},"end":{"line":117,"column":45}},"type":"cond-expr","locations":[{"start":{"line":117,"column":29},"end":{"line":117,"column":36}},{"start":{"line":117,"column":39},"end":{"line":117,"column":45}}],"line":117},"24":{"loc":{"start":{"line":118,"column":23},"end":{"line":118,"column":62}},"type":"cond-expr","locations":[{"start":{"line":118,"column":41},"end":{"line":118,"column":52}},{"start":{"line":118,"column":55},"end":{"line":118,"column":62}}],"line":118},"25":{"loc":{"start":{"line":132,"column":2},"end":{"line":135,"column":3}},"type":"if","locations":[{"start":{"line":132,"column":2},"end":{"line":135,"column":3}},{"start":{},"end":{}}],"line":132},"26":{"loc":{"start":{"line":161,"column":2},"end":{"line":163,"column":3}},"type":"if","locations":[{"start":{"line":161,"column":2},"end":{"line":163,"column":3}},{"start":{},"end":{}}],"line":161},"27":{"loc":{"start":{"line":393,"column":4},"end":{"line":398,"column":5}},"type":"if","locations":[{"start":{"line":393,"column":4},"end":{"line":398,"column":5}},{"start":{},"end":{}}],"line":393},"28":{"loc":{"start":{"line":405,"column":6},"end":{"line":407,"column":7}},"type":"if","locations":[{"start":{"line":405,"column":6},"end":{"line":407,"column":7}},{"start":{},"end":{}}],"line":405},"29":{"loc":{"start":{"line":411,"column":4},"end":{"line":415,"column":5}},"type":"if","locations":[{"start":{"line":411,"column":4},"end":{"line":415,"column":5}},{"start":{},"end":{}}],"line":411},"30":{"loc":{"start":{"line":411,"column":8},"end":{"line":411,"column":46}},"type":"binary-expr","locations":[{"start":{"line":411,"column":8},"end":{"line":411,"column":17}},{"start":{"line":411,"column":21},"end":{"line":411,"column":46}}],"line":411},"31":{"loc":{"start":{"line":423,"column":6},"end":{"line":425,"column":7}},"type":"if","locations":[{"start":{"line":423,"column":6},"end":{"line":425,"column":7}},{"start":{},"end":{}}],"line":423},"32":{"loc":{"start":{"line":459,"column":4},"end":{"line":468,"column":5}},"type":"if","locations":[{"start":{"line":459,"column":4},"end":{"line":468,"column":5}},{"start":{"line":462,"column":11},"end":{"line":468,"column":5}}],"line":459},"33":{"loc":{"start":{"line":463,"column":6},"end":{"line":466,"column":7}},"type":"if","locations":[{"start":{"line":463,"column":6},"end":{"line":466,"column":7}},{"start":{},"end":{}}],"line":463},"34":{"loc":{"start":{"line":472,"column":4},"end":{"line":474,"column":5}},"type":"if","locations":[{"start":{"line":472,"column":4},"end":{"line":474,"column":5}},{"start":{},"end":{}}],"line":472},"35":{"loc":{"start":{"line":482,"column":4},"end":{"line":488,"column":5}},"type":"if","locations":[{"start":{"line":482,"column":4},"end":{"line":488,"column":5}},{"start":{"line":485,"column":11},"end":{"line":488,"column":5}}],"line":482},"36":{"loc":{"start":{"line":492,"column":4},"end":{"line":495,"column":5}},"type":"if","locations":[{"start":{"line":492,"column":4},"end":{"line":495,"column":5}},{"start":{},"end":{}}],"line":492},"37":{"loc":{"start":{"line":508,"column":4},"end":{"line":514,"column":5}},"type":"if","locations":[{"start":{"line":508,"column":4},"end":{"line":514,"column":5}},{"start":{"line":510,"column":11},"end":{"line":514,"column":5}}],"line":508},"38":{"loc":{"start":{"line":510,"column":11},"end":{"line":514,"column":5}},"type":"if","locations":[{"start":{"line":510,"column":11},"end":{"line":514,"column":5}},{"start":{"line":512,"column":11},"end":{"line":514,"column":5}}],"line":510},"39":{"loc":{"start":{"line":518,"column":4},"end":{"line":520,"column":5}},"type":"if","locations":[{"start":{"line":518,"column":4},"end":{"line":520,"column":5}},{"start":{},"end":{}}],"line":518},"40":{"loc":{"start":{"line":526,"column":6},"end":{"line":528,"column":7}},"type":"if","locations":[{"start":{"line":526,"column":6},"end":{"line":528,"column":7}},{"start":{},"end":{}}],"line":526},"41":{"loc":{"start":{"line":558,"column":17},"end":{"line":558,"column":33}},"type":"binary-expr","locations":[{"start":{"line":558,"column":17},"end":{"line":558,"column":27}},{"start":{"line":558,"column":31},"end":{"line":558,"column":33}}],"line":558},"42":{"loc":{"start":{"line":595,"column":17},"end":{"line":595,"column":65}},"type":"cond-expr","locations":[{"start":{"line":595,"column":40},"end":{"line":595,"column":51}},{"start":{"line":595,"column":54},"end":{"line":595,"column":65}}],"line":595},"43":{"loc":{"start":{"line":654,"column":23},"end":{"line":654,"column":36}},"type":"binary-expr","locations":[{"start":{"line":654,"column":23},"end":{"line":654,"column":30}},{"start":{"line":654,"column":34},"end":{"line":654,"column":36}}],"line":654},"44":{"loc":{"start":{"line":736,"column":11},"end":{"line":736,"column":45}},"type":"cond-expr","locations":[{"start":{"line":736,"column":23},"end":{"line":736,"column":40}},{"start":{"line":736,"column":43},"end":{"line":736,"column":45}}],"line":736},"45":{"loc":{"start":{"line":741,"column":11},"end":{"line":741,"column":45}},"type":"cond-expr","locations":[{"start":{"line":741,"column":23},"end":{"line":741,"column":40}},{"start":{"line":741,"column":43},"end":{"line":741,"column":45}}],"line":741},"46":{"loc":{"start":{"line":746,"column":36},"end":{"line":746,"column":75}},"type":"cond-expr","locations":[{"start":{"line":746,"column":50},"end":{"line":746,"column":67}},{"start":{"line":746,"column":70},"end":{"line":746,"column":75}}],"line":746},"47":{"loc":{"start":{"line":752,"column":36},"end":{"line":752,"column":76}},"type":"cond-expr","locations":[{"start":{"line":752,"column":50},"end":{"line":752,"column":68}},{"start":{"line":752,"column":71},"end":{"line":752,"column":76}}],"line":752},"48":{"loc":{"start":{"line":765,"column":11},"end":{"line":765,"column":47}},"type":"cond-expr","locations":[{"start":{"line":765,"column":23},"end":{"line":765,"column":42}},{"start":{"line":765,"column":45},"end":{"line":765,"column":47}}],"line":765},"49":{"loc":{"start":{"line":770,"column":11},"end":{"line":770,"column":48}},"type":"cond-expr","locations":[{"start":{"line":770,"column":23},"end":{"line":770,"column":43}},{"start":{"line":770,"column":46},"end":{"line":770,"column":48}}],"line":770},"50":{"loc":{"start":{"line":775,"column":11},"end":{"line":775,"column":59}},"type":"cond-expr","locations":[{"start":{"line":775,"column":23},"end":{"line":775,"column":54}},{"start":{"line":775,"column":57},"end":{"line":775,"column":59}}],"line":775},"51":{"loc":{"start":{"line":778,"column":36},"end":{"line":778,"column":70}},"type":"cond-expr","locations":[{"start":{"line":778,"column":48},"end":{"line":778,"column":65}},{"start":{"line":778,"column":68},"end":{"line":778,"column":70}}],"line":778},"52":{"loc":{"start":{"line":854,"column":2},"end":{"line":872,"column":3}},"type":"if","locations":[{"start":{"line":854,"column":2},"end":{"line":872,"column":3}},{"start":{"line":861,"column":9},"end":{"line":872,"column":3}}],"line":854},"53":{"loc":{"start":{"line":854,"column":6},"end":{"line":854,"column":39}},"type":"binary-expr","locations":[{"start":{"line":854,"column":6},"end":{"line":854,"column":14}},{"start":{"line":854,"column":18},"end":{"line":854,"column":27}},{"start":{"line":854,"column":31},"end":{"line":854,"column":39}}],"line":854},"54":{"loc":{"start":{"line":861,"column":9},"end":{"line":872,"column":3}},"type":"if","locations":[{"start":{"line":861,"column":9},"end":{"line":872,"column":3}},{"start":{"line":863,"column":9},"end":{"line":872,"column":3}}],"line":861},"55":{"loc":{"start":{"line":861,"column":13},"end":{"line":861,"column":49}},"type":"binary-expr","locations":[{"start":{"line":861,"column":13},"end":{"line":861,"column":22}},{"start":{"line":861,"column":26},"end":{"line":861,"column":36}},{"start":{"line":861,"column":40},"end":{"line":861,"column":49}}],"line":861},"56":{"loc":{"start":{"line":863,"column":9},"end":{"line":872,"column":3}},"type":"if","locations":[{"start":{"line":863,"column":9},"end":{"line":872,"column":3}},{"start":{"line":870,"column":9},"end":{"line":872,"column":3}}],"line":863},"57":{"loc":{"start":{"line":863,"column":13},"end":{"line":863,"column":53}},"type":"binary-expr","locations":[{"start":{"line":863,"column":13},"end":{"line":863,"column":23}},{"start":{"line":863,"column":28},"end":{"line":863,"column":38}},{"start":{"line":863,"column":42},"end":{"line":863,"column":52}}],"line":863}},"s":{"0":9,"1":191,"2":191,"3":191,"4":191,"5":154,"6":308,"7":382,"8":191,"9":191,"10":191,"11":191,"12":191,"13":43,"14":9,"15":35,"16":35,"17":2,"18":2,"19":33,"20":33,"21":33,"22":33,"23":33,"24":33,"25":9,"26":27,"27":27,"28":2,"29":25,"30":25,"31":25,"32":25,"33":24,"34":9,"35":11,"36":11,"37":11,"38":11,"39":11,"40":11,"41":9,"42":1,"43":1,"44":1,"45":1,"46":1,"47":1,"48":9,"49":4,"50":4,"51":4,"52":4,"53":2,"54":9,"55":12,"56":12,"57":12,"58":12,"59":12,"60":9,"61":1,"62":1,"63":1,"64":1,"65":1,"66":1,"67":1,"68":1,"69":9,"70":2,"71":2,"72":2,"73":2,"74":2,"75":2,"76":9,"77":1,"78":1,"79":1,"80":1,"81":1,"82":1,"83":1,"84":195,"85":191,"86":28,"87":191,"88":191,"89":27,"90":1,"91":27,"92":27,"93":27,"94":191,"95":191,"96":191,"97":191,"98":191,"99":191,"100":191,"101":191,"102":191,"103":191,"104":191,"105":191,"106":191,"107":191,"108":191,"109":1,"110":1,"111":1,"112":1,"113":191,"114":1,"115":191,"116":27,"117":191,"118":5,"119":5,"120":191,"121":11,"122":11,"123":10,"124":10,"125":10,"126":10,"127":191,"128":4,"129":4,"130":4,"131":4,"132":12,"133":4,"134":4,"135":4,"136":4,"137":2,"138":2,"139":2,"140":191,"141":2,"142":2,"143":2,"144":2,"145":2,"146":1,"147":2,"148":2,"149":191,"150":1,"151":1,"152":1,"153":1,"154":1,"155":1,"156":191,"157":1,"158":1,"159":1,"160":1,"161":191,"162":1,"163":1,"164":1,"165":191,"166":4,"167":2,"168":2,"169":2,"170":1,"171":1,"172":2,"173":191,"174":3,"175":1,"176":2,"177":2,"178":2,"179":191,"180":4,"181":2,"182":2,"183":2,"184":2,"185":191,"186":2,"187":1,"188":1,"189":1,"190":1,"191":191,"192":2,"193":191,"194":1528,"195":1528,"196":1528,"197":1376,"198":152,"199":56,"200":96,"201":191,"202":191,"203":171,"204":20,"205":20,"206":20,"207":20,"208":43,"209":20,"210":20,"211":191,"212":27,"213":27,"214":27,"215":191,"216":4,"217":2,"218":1,"219":2,"220":955,"221":3,"222":236,"223":2,"224":4,"225":12,"226":154,"227":11,"228":1,"229":1,"230":1,"231":2,"232":4,"233":43,"234":1,"235":1,"236":1,"237":1,"238":1,"239":1,"240":1,"241":15,"242":13,"243":11,"244":9,"245":174,"246":174,"247":174,"248":174,"249":174,"250":174,"251":174,"252":174,"253":174,"254":174,"255":174,"256":174,"257":174,"258":174,"259":174,"260":174,"261":59,"262":59,"263":115,"264":3,"265":112,"266":109,"267":109,"268":3},"f":{"0":191,"1":191,"2":191,"3":191,"4":154,"5":308,"6":382,"7":191,"8":191,"9":191,"10":191,"11":191,"12":43,"13":35,"14":33,"15":33,"16":27,"17":25,"18":24,"19":11,"20":11,"21":11,"22":1,"23":1,"24":4,"25":2,"26":12,"27":12,"28":1,"29":1,"30":1,"31":2,"32":2,"33":1,"34":1,"35":1,"36":195,"37":28,"38":27,"39":1,"40":27,"41":1,"42":1,"43":27,"44":5,"45":11,"46":4,"47":2,"48":1,"49":1,"50":1,"51":4,"52":3,"53":4,"54":2,"55":2,"56":1528,"57":191,"58":27,"59":4,"60":2,"61":1,"62":2,"63":955,"64":3,"65":236,"66":2,"67":4,"68":12,"69":154,"70":11,"71":1,"72":1,"73":1,"74":2,"75":4,"76":43,"77":1,"78":1,"79":1,"80":1,"81":1,"82":1,"83":1,"84":15,"85":13,"86":11,"87":174},"b":{"0":[190,1],"1":[191,12],"2":[172,19],"3":[19,172],"4":[172,19],"5":[12,179],"6":[1,190],"7":[191,12],"8":[122,32],"9":[154,154],"10":[20,362],"11":[19,172],"12":[15,176],"13":[12,179],"14":[12,179],"15":[12,179],"16":[20,171],"17":[42,149],"18":[12,179],"19":[12,179],"20":[12,179],"21":[12,179],"22":[42,149],"23":[6,37],"24":[1,42],"25":[2,33],"26":[2,25],"27":[10,1],"28":[4,8],"29":[2,2],"30":[4,2],"31":[1,1],"32":[2,2],"33":[1,1],"34":[1,2],"35":[2,2],"36":[1,1],"37":[1376,152],"38":[56,96],"39":[171,20],"40":[20,23],"41":[191,187],"42":[19,172],"43":[191,51],"44":[20,171],"45":[20,171],"46":[20,171],"47":[20,171],"48":[20,171],"49":[20,171],"50":[20,171],"51":[20,171],"52":[59,115],"53":[174,171,62],"54":[3,112],"55":[115,112,3],"56":[109,3],"57":[112,3,0]},"_coverageSchema":"1a1c01bbd47fc00a2c39e90264f33305004495a9","hash":"8f6f842f9a071566f9c662274a78ea5f22df0118"}
,"C:\\UCSC Classes\\2022-23\\Fall2022\\CSE 186\\Assignment8\\frontend\\src\\components\\LoginScreen.jsx": {"path":"C:\\UCSC Classes\\2022-23\\Fall2022\\CSE 186\\Assignment8\\frontend\\src\\components\\LoginScreen.jsx","statementMap":{"0":{"start":{"line":12,"column":18},"end":{"line":12,"column":31}},"1":{"start":{"line":17,"column":34},"end":{"line":17,"column":46}},"2":{"start":{"line":18,"column":34},"end":{"line":18,"column":46}},"3":{"start":{"line":26,"column":4},"end":{"line":26,"column":23}},"4":{"start":{"line":27,"column":4},"end":{"line":48,"column":9}},"5":{"start":{"line":35,"column":8},"end":{"line":37,"column":9}},"6":{"start":{"line":36,"column":10},"end":{"line":36,"column":20}},"7":{"start":{"line":38,"column":8},"end":{"line":38,"column":26}},"8":{"start":{"line":41,"column":8},"end":{"line":41,"column":59}},"9":{"start":{"line":42,"column":8},"end":{"line":42,"column":35}},"10":{"start":{"line":43,"column":8},"end":{"line":43,"column":21}},"11":{"start":{"line":46,"column":8},"end":{"line":46,"column":40}},"12":{"start":{"line":47,"column":8},"end":{"line":47,"column":52}},"13":{"start":{"line":57,"column":4},"end":{"line":57,"column":32}},"14":{"start":{"line":66,"column":4},"end":{"line":66,"column":32}},"15":{"start":{"line":69,"column":24},"end":{"line":72,"column":3}},"16":{"start":{"line":73,"column":23},"end":{"line":75,"column":3}},"17":{"start":{"line":76,"column":2},"end":{"line":109,"column":4}}},"fnMap":{"0":{"name":"LoginScreen","decl":{"start":{"line":11,"column":9},"end":{"line":11,"column":20}},"loc":{"start":{"line":11,"column":23},"end":{"line":110,"column":1}},"line":11},"1":{"name":"onSubmit","decl":{"start":{"line":25,"column":11},"end":{"line":25,"column":19}},"loc":{"start":{"line":25,"column":23},"end":{"line":49,"column":3}},"line":25},"2":{"name":"(anonymous_2)","decl":{"start":{"line":34,"column":12},"end":{"line":34,"column":13}},"loc":{"start":{"line":34,"column":21},"end":{"line":39,"column":7}},"line":34},"3":{"name":"(anonymous_3)","decl":{"start":{"line":40,"column":12},"end":{"line":40,"column":13}},"loc":{"start":{"line":40,"column":22},"end":{"line":44,"column":7}},"line":40},"4":{"name":"(anonymous_4)","decl":{"start":{"line":45,"column":13},"end":{"line":45,"column":14}},"loc":{"start":{"line":45,"column":22},"end":{"line":48,"column":7}},"line":45},"5":{"name":"onHandleUsername","decl":{"start":{"line":56,"column":11},"end":{"line":56,"column":27}},"loc":{"start":{"line":56,"column":31},"end":{"line":58,"column":3}},"line":56},"6":{"name":"onHandlePassword","decl":{"start":{"line":65,"column":11},"end":{"line":65,"column":27}},"loc":{"start":{"line":65,"column":31},"end":{"line":67,"column":3}},"line":65}},"branchMap":{"0":{"loc":{"start":{"line":35,"column":8},"end":{"line":37,"column":9}},"type":"if","locations":[{"start":{"line":35,"column":8},"end":{"line":37,"column":9}},{"start":{},"end":{}}],"line":35},"1":{"loc":{"start":{"line":91,"column":19},"end":{"line":91,"column":33}},"type":"binary-expr","locations":[{"start":{"line":91,"column":19},"end":{"line":91,"column":27}},{"start":{"line":91,"column":31},"end":{"line":91,"column":33}}],"line":91},"2":{"loc":{"start":{"line":100,"column":19},"end":{"line":100,"column":33}},"type":"binary-expr","locations":[{"start":{"line":100,"column":19},"end":{"line":100,"column":27}},{"start":{"line":100,"column":31},"end":{"line":100,"column":33}}],"line":100}},"s":{"0":35,"1":35,"2":35,"3":2,"4":2,"5":2,"6":1,"7":1,"8":1,"9":1,"10":1,"11":1,"12":1,"13":15,"14":15,"15":35,"16":35,"17":35},"f":{"0":35,"1":2,"2":2,"3":1,"4":1,"5":15,"6":15},"b":{"0":[1,1],"1":[35,5],"2":[35,20]},"_coverageSchema":"1a1c01bbd47fc00a2c39e90264f33305004495a9","hash":"57d0cc7432b8455945e915f5098085b2d5bd530b"}
}
