TN:
SF:src\App.jsx
FN:14,App
FNF:1
FNH:1
FNDA:1,App
DA:15,1
LF:1
LH:1
BRF:0
BRH:0
end_of_record
TN:
SF:src\components\HomeScreen.jsx
FN:21,(anonymous_0)
FN:33,(anonymous_1)
FN:39,(anonymous_2)
FN:59,(anonymous_3)
FN:64,(anonymous_4)
FN:71,(anonymous_5)
FN:77,(anonymous_6)
FN:80,(anonymous_7)
FN:85,(anonymous_8)
FN:88,(anonymous_9)
FN:96,(anonymous_10)
FN:106,(anonymous_11)
FN:116,(anonymous_12)
FN:130,(anonymous_13)
FN:145,(anonymous_14)
FN:148,(anonymous_15)
FN:159,(anonymous_16)
FN:173,(anonymous_17)
FN:176,(anonymous_18)
FN:187,(anonymous_19)
FN:198,(anonymous_20)
FN:201,(anonymous_21)
FN:206,(anonymous_22)
FN:220,(anonymous_23)
FN:226,(anonymous_24)
FN:238,(anonymous_25)
FN:243,(anonymous_26)
FN:255,(anonymous_27)
FN:260,(anonymous_28)
FN:273,(anonymous_29)
FN:276,(anonymous_30)
FN:283,(anonymous_31)
FN:297,(anonymous_32)
FN:303,(anonymous_33)
FN:314,(anonymous_34)
FN:317,(anonymous_35)
FN:328,HomeScreen
FN:332,(anonymous_37)
FN:338,(anonymous_38)
FN:339,(anonymous_39)
FN:343,(anonymous_40)
FN:371,(anonymous_41)
FN:378,(anonymous_42)
FN:382,(anonymous_43)
FN:386,(anonymous_44)
FN:391,(anonymous_45)
FN:401,(anonymous_46)
FN:418,(anonymous_47)
FN:431,(anonymous_48)
FN:445,(anonymous_49)
FN:452,(anonymous_50)
FN:458,(anonymous_51)
FN:471,(anonymous_52)
FN:481,(anonymous_53)
FN:491,(anonymous_54)
FN:500,(anonymous_55)
FN:504,(anonymous_56)
FN:517,(anonymous_57)
FN:534,(anonymous_58)
FN:563,(anonymous_59)
FN:567,(anonymous_60)
FN:573,(anonymous_61)
FN:579,(anonymous_62)
FN:616,(anonymous_63)
FN:621,(anonymous_64)
FN:629,(anonymous_65)
FN:634,(anonymous_66)
FN:640,(anonymous_67)
FN:646,(anonymous_68)
FN:657,(anonymous_69)
FN:664,(anonymous_70)
FN:670,(anonymous_71)
FN:676,(anonymous_72)
FN:694,(anonymous_73)
FN:701,(anonymous_74)
FN:708,(anonymous_75)
FN:712,(anonymous_76)
FN:715,(anonymous_77)
FN:728,(anonymous_78)
FN:744,(anonymous_79)
FN:750,(anonymous_80)
FN:757,(anonymous_81)
FN:789,(anonymous_82)
FN:796,(anonymous_83)
FN:806,(anonymous_84)
FN:814,(anonymous_85)
FN:824,(anonymous_86)
FN:834,(anonymous_87)
FNF:88
FNH:88
FNDA:191,(anonymous_0)
FNDA:191,(anonymous_1)
FNDA:191,(anonymous_2)
FNDA:191,(anonymous_3)
FNDA:154,(anonymous_4)
FNDA:308,(anonymous_5)
FNDA:382,(anonymous_6)
FNDA:191,(anonymous_7)
FNDA:191,(anonymous_8)
FNDA:191,(anonymous_9)
FNDA:191,(anonymous_10)
FNDA:191,(anonymous_11)
FNDA:43,(anonymous_12)
FNDA:35,(anonymous_13)
FNDA:33,(anonymous_14)
FNDA:33,(anonymous_15)
FNDA:27,(anonymous_16)
FNDA:25,(anonymous_17)
FNDA:24,(anonymous_18)
FNDA:11,(anonymous_19)
FNDA:11,(anonymous_20)
FNDA:11,(anonymous_21)
FNDA:1,(anonymous_22)
FNDA:1,(anonymous_23)
FNDA:4,(anonymous_24)
FNDA:2,(anonymous_25)
FNDA:12,(anonymous_26)
FNDA:12,(anonymous_27)
FNDA:1,(anonymous_28)
FNDA:1,(anonymous_29)
FNDA:1,(anonymous_30)
FNDA:2,(anonymous_31)
FNDA:2,(anonymous_32)
FNDA:1,(anonymous_33)
FNDA:1,(anonymous_34)
FNDA:1,(anonymous_35)
FNDA:195,HomeScreen
FNDA:28,(anonymous_37)
FNDA:27,(anonymous_38)
FNDA:1,(anonymous_39)
FNDA:27,(anonymous_40)
FNDA:1,(anonymous_41)
FNDA:1,(anonymous_42)
FNDA:27,(anonymous_43)
FNDA:5,(anonymous_44)
FNDA:11,(anonymous_45)
FNDA:4,(anonymous_46)
FNDA:2,(anonymous_47)
FNDA:1,(anonymous_48)
FNDA:1,(anonymous_49)
FNDA:1,(anonymous_50)
FNDA:4,(anonymous_51)
FNDA:3,(anonymous_52)
FNDA:4,(anonymous_53)
FNDA:2,(anonymous_54)
FNDA:2,(anonymous_55)
FNDA:1528,(anonymous_56)
FNDA:191,(anonymous_57)
FNDA:27,(anonymous_58)
FNDA:4,(anonymous_59)
FNDA:2,(anonymous_60)
FNDA:1,(anonymous_61)
FNDA:2,(anonymous_62)
FNDA:955,(anonymous_63)
FNDA:3,(anonymous_64)
FNDA:236,(anonymous_65)
FNDA:2,(anonymous_66)
FNDA:4,(anonymous_67)
FNDA:12,(anonymous_68)
FNDA:154,(anonymous_69)
FNDA:11,(anonymous_70)
FNDA:1,(anonymous_71)
FNDA:1,(anonymous_72)
FNDA:1,(anonymous_73)
FNDA:2,(anonymous_74)
FNDA:4,(anonymous_75)
FNDA:43,(anonymous_76)
FNDA:1,(anonymous_77)
FNDA:1,(anonymous_78)
FNDA:1,(anonymous_79)
FNDA:1,(anonymous_80)
FNDA:1,(anonymous_81)
FNDA:1,(anonymous_82)
FNDA:1,(anonymous_83)
FNDA:15,(anonymous_84)
FNDA:13,(anonymous_85)
FNDA:11,(anonymous_86)
FNDA:174,(anonymous_87)
DA:20,9
DA:21,191
DA:33,191
DA:39,191
DA:59,191
DA:64,154
DA:71,308
DA:77,382
DA:80,191
DA:85,191
DA:88,191
DA:96,191
DA:106,191
DA:116,43
DA:130,9
DA:131,35
DA:132,35
DA:133,2
DA:134,2
DA:136,33
DA:137,33
DA:138,33
DA:146,33
DA:149,33
DA:150,33
DA:159,9
DA:160,27
DA:161,27
DA:162,2
DA:164,25
DA:165,25
DA:166,25
DA:174,25
DA:177,24
DA:187,9
DA:188,11
DA:189,11
DA:190,11
DA:191,11
DA:199,11
DA:202,11
DA:206,9
DA:208,1
DA:209,1
DA:210,1
DA:212,1
DA:221,1
DA:222,1
DA:226,9
DA:227,4
DA:228,4
DA:229,4
DA:231,4
DA:239,2
DA:243,9
DA:244,12
DA:245,12
DA:246,12
DA:248,12
DA:256,12
DA:260,9
DA:261,1
DA:262,1
DA:263,1
DA:265,1
DA:274,1
DA:277,1
DA:278,1
DA:279,1
DA:283,9
DA:285,2
DA:286,2
DA:287,2
DA:289,2
DA:298,2
DA:299,2
DA:303,9
DA:304,1
DA:305,1
DA:306,1
DA:307,1
DA:315,1
DA:318,1
DA:319,1
DA:329,195
DA:332,191
DA:337,191
DA:338,191
DA:339,27
DA:340,1
DA:342,27
DA:343,27
DA:344,27
DA:348,191
DA:349,191
DA:351,191
DA:353,191
DA:355,191
DA:357,191
DA:359,191
DA:360,191
DA:361,191
DA:363,191
DA:364,191
DA:366,191
DA:367,191
DA:369,191
DA:371,191
DA:372,1
DA:373,1
DA:374,1
DA:375,1
DA:378,191
DA:379,1
DA:382,191
DA:383,27
DA:386,191
DA:387,5
DA:388,5
DA:391,191
DA:392,11
DA:393,11
DA:394,10
DA:395,10
DA:396,10
DA:397,10
DA:401,191
DA:402,4
DA:403,4
DA:404,4
DA:405,12
DA:406,4
DA:409,4
DA:410,4
DA:411,4
DA:412,2
DA:413,2
DA:414,2
DA:418,191
DA:419,2
DA:420,2
DA:422,2
DA:423,2
DA:424,1
DA:427,2
DA:428,2
DA:431,191
DA:432,1
DA:437,1
DA:439,1
DA:440,1
DA:441,1
DA:442,1
DA:445,191
DA:446,1
DA:447,1
DA:448,1
DA:449,1
DA:452,191
DA:453,1
DA:454,1
DA:455,1
DA:458,191
DA:459,4
DA:460,2
DA:461,2
DA:463,2
DA:464,1
DA:465,1
DA:467,2
DA:471,191
DA:472,3
DA:473,1
DA:475,2
DA:477,2
DA:478,2
DA:481,191
DA:482,4
DA:483,2
DA:484,2
DA:486,2
DA:487,2
DA:491,191
DA:492,2
DA:493,1
DA:494,1
DA:496,1
DA:497,1
DA:500,191
DA:501,2
DA:504,191
DA:505,1528
DA:506,1528
DA:508,1528
DA:509,1376
DA:510,152
DA:511,56
DA:513,96
DA:517,191
DA:518,191
DA:519,171
DA:522,20
DA:523,20
DA:525,20
DA:526,43
DA:527,20
DA:531,20
DA:534,191
DA:535,27
DA:536,27
DA:537,27
DA:540,191
DA:563,4
DA:567,2
DA:573,1
DA:579,2
DA:617,955
DA:621,3
DA:630,236
DA:634,2
DA:640,4
DA:646,12
DA:658,154
DA:664,11
DA:670,1
DA:676,1
DA:694,1
DA:701,2
DA:708,4
DA:713,43
DA:715,1
DA:728,1
DA:744,1
DA:750,1
DA:757,1
DA:789,1
DA:796,1
DA:806,15
DA:814,13
DA:824,11
DA:834,9
DA:835,174
DA:836,174
DA:837,174
DA:838,174
DA:839,174
DA:840,174
DA:842,174
DA:843,174
DA:844,174
DA:846,174
DA:847,174
DA:848,174
DA:850,174
DA:851,174
DA:852,174
DA:854,174
DA:855,59
DA:860,59
DA:861,115
DA:862,3
DA:863,112
DA:864,109
DA:869,109
DA:871,3
LF:265
LH:265
BRDA:24,0,0,190
BRDA:24,0,1,1
BRDA:24,1,0,191
BRDA:24,1,1,12
BRDA:37,2,0,172
BRDA:37,2,1,19
BRDA:43,3,0,19
BRDA:43,3,1,172
BRDA:60,4,0,172
BRDA:60,4,1,19
BRDA:61,5,0,12
BRDA:61,5,1,179
BRDA:62,6,0,1
BRDA:62,6,1,190
BRDA:62,7,0,191
BRDA:62,7,1,12
BRDA:66,8,0,122
BRDA:66,8,1,32
BRDA:72,9,0,154
BRDA:72,9,1,154
BRDA:78,10,0,20
BRDA:78,10,1,362
BRDA:83,11,0,19
BRDA:83,11,1,172
BRDA:86,12,0,15
BRDA:86,12,1,176
BRDA:90,13,0,12
BRDA:90,13,1,179
BRDA:91,14,0,12
BRDA:91,14,1,179
BRDA:92,15,0,12
BRDA:92,15,1,179
BRDA:94,16,0,20
BRDA:94,16,1,171
BRDA:102,17,0,42
BRDA:102,17,1,149
BRDA:108,18,0,12
BRDA:108,18,1,179
BRDA:109,19,0,12
BRDA:109,19,1,179
BRDA:110,20,0,12
BRDA:110,20,1,179
BRDA:111,21,0,12
BRDA:111,21,1,179
BRDA:112,22,0,42
BRDA:112,22,1,149
BRDA:117,23,0,6
BRDA:117,23,1,37
BRDA:118,24,0,1
BRDA:118,24,1,42
BRDA:132,25,0,2
BRDA:132,25,1,33
BRDA:161,26,0,2
BRDA:161,26,1,25
BRDA:393,27,0,10
BRDA:393,27,1,1
BRDA:405,28,0,4
BRDA:405,28,1,8
BRDA:411,29,0,2
BRDA:411,29,1,2
BRDA:411,30,0,4
BRDA:411,30,1,2
BRDA:423,31,0,1
BRDA:423,31,1,1
BRDA:459,32,0,2
BRDA:459,32,1,2
BRDA:463,33,0,1
BRDA:463,33,1,1
BRDA:472,34,0,1
BRDA:472,34,1,2
BRDA:482,35,0,2
BRDA:482,35,1,2
BRDA:492,36,0,1
BRDA:492,36,1,1
BRDA:508,37,0,1376
BRDA:508,37,1,152
BRDA:510,38,0,56
BRDA:510,38,1,96
BRDA:518,39,0,171
BRDA:518,39,1,20
BRDA:526,40,0,20
BRDA:526,40,1,23
BRDA:558,41,0,191
BRDA:558,41,1,187
BRDA:595,42,0,19
BRDA:595,42,1,172
BRDA:654,43,0,191
BRDA:654,43,1,51
BRDA:736,44,0,20
BRDA:736,44,1,171
BRDA:741,45,0,20
BRDA:741,45,1,171
BRDA:746,46,0,20
BRDA:746,46,1,171
BRDA:752,47,0,20
BRDA:752,47,1,171
BRDA:765,48,0,20
BRDA:765,48,1,171
BRDA:770,49,0,20
BRDA:770,49,1,171
BRDA:775,50,0,20
BRDA:775,50,1,171
BRDA:778,51,0,20
BRDA:778,51,1,171
BRDA:854,52,0,59
BRDA:854,52,1,115
BRDA:854,53,0,174
BRDA:854,53,1,171
BRDA:854,53,2,62
BRDA:861,54,0,3
BRDA:861,54,1,112
BRDA:861,55,0,115
BRDA:861,55,1,112
BRDA:861,55,2,3
BRDA:863,56,0,109
BRDA:863,56,1,3
BRDA:863,57,0,112
BRDA:863,57,1,3
BRDA:863,57,2,0
BRF:119
BRH:118
end_of_record
TN:
SF:src\components\LoginScreen.jsx
FN:11,LoginScreen
FN:25,onSubmit
FN:34,(anonymous_2)
FN:40,(anonymous_3)
FN:45,(anonymous_4)
FN:56,onHandleUsername
FN:65,onHandlePassword
FNF:7
FNH:7
FNDA:35,LoginScreen
FNDA:2,onSubmit
FNDA:2,(anonymous_2)
FNDA:1,(anonymous_3)
FNDA:1,(anonymous_4)
FNDA:15,onHandleUsername
FNDA:15,onHandlePassword
DA:12,35
DA:17,35
DA:18,35
DA:26,2
DA:27,2
DA:35,2
DA:36,1
DA:38,1
DA:41,1
DA:42,1
DA:43,1
DA:46,1
DA:47,1
DA:57,15
DA:66,15
DA:69,35
DA:73,35
DA:76,35
LF:18
LH:18
BRDA:35,0,0,1
BRDA:35,0,1,1
BRDA:91,1,0,35
BRDA:91,1,1,5
BRDA:100,2,0,35
BRDA:100,2,1,20
BRF:6
BRH:6
end_of_record
