{"C:\\UCSC Classes\\2022-23\\Fall2022\\CSE 186\\Assignment8\\backend\\src\\app.js": {"path":"C:\\UCSC Classes\\2022-23\\Fall2022\\CSE 186\\Assignment8\\backend\\src\\app.js","statementMap":{"0":{"start":{"line":1,"column":16},"end":{"line":1,"column":34}},"1":{"start":{"line":2,"column":13},"end":{"line":2,"column":28}},"2":{"start":{"line":3,"column":13},"end":{"line":3,"column":31}},"3":{"start":{"line":4,"column":18},"end":{"line":4,"column":47}},"4":{"start":{"line":5,"column":11},"end":{"line":5,"column":24}},"5":{"start":{"line":6,"column":13},"end":{"line":6,"column":28}},"6":{"start":{"line":7,"column":25},"end":{"line":7,"column":61}},"7":{"start":{"line":9,"column":13},"end":{"line":9,"column":30}},"8":{"start":{"line":10,"column":14},"end":{"line":10,"column":32}},"9":{"start":{"line":11,"column":14},"end":{"line":11,"column":32}},"10":{"start":{"line":13,"column":12},"end":{"line":13,"column":21}},"11":{"start":{"line":14,"column":0},"end":{"line":14,"column":16}},"12":{"start":{"line":15,"column":0},"end":{"line":15,"column":24}},"13":{"start":{"line":16,"column":0},"end":{"line":16,"column":47}},"14":{"start":{"line":18,"column":16},"end":{"line":18,"column":59}},"15":{"start":{"line":20,"column":15},"end":{"line":20,"column":58}},"16":{"start":{"line":21,"column":0},"end":{"line":21,"column":66}},"17":{"start":{"line":23,"column":0},"end":{"line":29,"column":2}},"18":{"start":{"line":31,"column":0},"end":{"line":31,"column":32}},"19":{"start":{"line":33,"column":0},"end":{"line":33,"column":34}},"20":{"start":{"line":34,"column":0},"end":{"line":34,"column":50}},"21":{"start":{"line":35,"column":0},"end":{"line":35,"column":55}},"22":{"start":{"line":36,"column":0},"end":{"line":36,"column":54}},"23":{"start":{"line":37,"column":0},"end":{"line":37,"column":49}},"24":{"start":{"line":38,"column":0},"end":{"line":38,"column":57}},"25":{"start":{"line":39,"column":0},"end":{"line":39,"column":55}},"26":{"start":{"line":40,"column":0},"end":{"line":40,"column":58}},"27":{"start":{"line":41,"column":0},"end":{"line":41,"column":57}},"28":{"start":{"line":42,"column":0},"end":{"line":42,"column":52}},"29":{"start":{"line":44,"column":0},"end":{"line":50,"column":3}},"30":{"start":{"line":45,"column":2},"end":{"line":49,"column":5}},"31":{"start":{"line":52,"column":0},"end":{"line":52,"column":21}}},"fnMap":{"0":{"name":"(anonymous_0)","decl":{"start":{"line":44,"column":8},"end":{"line":44,"column":9}},"loc":{"start":{"line":44,"column":33},"end":{"line":50,"column":1}},"line":44}},"branchMap":{},"s":{"0":2,"1":2,"2":2,"3":2,"4":2,"5":2,"6":2,"7":2,"8":2,"9":2,"10":2,"11":2,"12":2,"13":2,"14":2,"15":2,"16":2,"17":2,"18":2,"19":2,"20":2,"21":2,"22":2,"23":2,"24":2,"25":2,"26":2,"27":2,"28":2,"29":2,"30":2,"31":2},"f":{"0":2},"b":{},"_coverageSchema":"1a1c01bbd47fc00a2c39e90264f33305004495a9","hash":"b7906b4057fce620993256d774131b1e4b63cfd8"}
,"C:\\UCSC Classes\\2022-23\\Fall2022\\CSE 186\\Assignment8\\backend\\src\\auth.js": {"path":"C:\\UCSC Classes\\2022-23\\Fall2022\\CSE 186\\Assignment8\\backend\\src\\auth.js","statementMap":{"0":{"start":{"line":1,"column":12},"end":{"line":1,"column":35}},"1":{"start":{"line":2,"column":15},"end":{"line":2,"column":32}},"2":{"start":{"line":4,"column":16},"end":{"line":4,"column":41}},"3":{"start":{"line":6,"column":15},"end":{"line":6,"column":28}},"4":{"start":{"line":8,"column":13},"end":{"line":14,"column":2}},"5":{"start":{"line":16,"column":0},"end":{"line":47,"column":2}},"6":{"start":{"line":17,"column":28},"end":{"line":17,"column":36}},"7":{"start":{"line":18,"column":13},"end":{"line":18,"column":17}},"8":{"start":{"line":20,"column":15},"end":{"line":20,"column":37}},"9":{"start":{"line":21,"column":2},"end":{"line":21,"column":32}},"10":{"start":{"line":22,"column":16},"end":{"line":25,"column":3}},"11":{"start":{"line":26,"column":17},"end":{"line":26,"column":40}},"12":{"start":{"line":28,"column":2},"end":{"line":30,"column":3}},"13":{"start":{"line":29,"column":4},"end":{"line":29,"column":19}},"14":{"start":{"line":32,"column":2},"end":{"line":46,"column":3}},"15":{"start":{"line":33,"column":24},"end":{"line":38,"column":8}},"16":{"start":{"line":39,"column":4},"end":{"line":43,"column":7}},"17":{"start":{"line":45,"column":4},"end":{"line":45,"column":48}},"18":{"start":{"line":49,"column":0},"end":{"line":60,"column":2}},"19":{"start":{"line":50,"column":21},"end":{"line":50,"column":46}},"20":{"start":{"line":52,"column":16},"end":{"line":52,"column":40}},"21":{"start":{"line":53,"column":2},"end":{"line":59,"column":5}},"22":{"start":{"line":54,"column":4},"end":{"line":56,"column":5}},"23":{"start":{"line":55,"column":6},"end":{"line":55,"column":33}},"24":{"start":{"line":57,"column":4},"end":{"line":57,"column":20}},"25":{"start":{"line":58,"column":4},"end":{"line":58,"column":11}}},"fnMap":{"0":{"name":"(anonymous_0)","decl":{"start":{"line":16,"column":16},"end":{"line":16,"column":17}},"loc":{"start":{"line":16,"column":36},"end":{"line":47,"column":1}},"line":16},"1":{"name":"(anonymous_1)","decl":{"start":{"line":49,"column":16},"end":{"line":49,"column":17}},"loc":{"start":{"line":49,"column":36},"end":{"line":60,"column":1}},"line":49},"2":{"name":"(anonymous_2)","decl":{"start":{"line":53,"column":41},"end":{"line":53,"column":42}},"loc":{"start":{"line":53,"column":56},"end":{"line":59,"column":3}},"line":53}},"branchMap":{"0":{"loc":{"start":{"line":28,"column":2},"end":{"line":30,"column":3}},"type":"if","locations":[{"start":{"line":28,"column":2},"end":{"line":30,"column":3}},{"start":{},"end":{}}],"line":28},"1":{"loc":{"start":{"line":28,"column":6},"end":{"line":28,"column":72}},"type":"binary-expr","locations":[{"start":{"line":28,"column":6},"end":{"line":28,"column":22}},{"start":{"line":28,"column":26},"end":{"line":28,"column":72}}],"line":28},"2":{"loc":{"start":{"line":32,"column":2},"end":{"line":46,"column":3}},"type":"if","locations":[{"start":{"line":32,"column":2},"end":{"line":46,"column":3}},{"start":{"line":44,"column":9},"end":{"line":46,"column":3}}],"line":32},"3":{"loc":{"start":{"line":54,"column":4},"end":{"line":56,"column":5}},"type":"if","locations":[{"start":{"line":54,"column":4},"end":{"line":56,"column":5}},{"start":{},"end":{}}],"line":54}},"s":{"0":2,"1":2,"2":2,"3":2,"4":2,"5":2,"6":3,"7":3,"8":3,"9":3,"10":3,"11":3,"12":3,"13":1,"14":3,"15":1,"16":1,"17":2,"18":2,"19":18,"20":18,"21":18,"22":18,"23":1,"24":17,"25":17},"f":{"0":3,"1":18,"2":18},"b":{"0":[1,2],"1":[3,2],"2":[1,2],"3":[1,17]},"_coverageSchema":"1a1c01bbd47fc00a2c39e90264f33305004495a9","hash":"97050f10645198c48ae43ba64378a298b66e8fe1"}
,"C:\\UCSC Classes\\2022-23\\Fall2022\\CSE 186\\Assignment8\\backend\\src\\dummy.js": {"path":"C:\\UCSC Classes\\2022-23\\Fall2022\\CSE 186\\Assignment8\\backend\\src\\dummy.js","statementMap":{"0":{"start":{"line":1,"column":15},"end":{"line":1,"column":28}},"1":{"start":{"line":3,"column":13},"end":{"line":9,"column":2}},"2":{"start":{"line":11,"column":20},"end":{"line":19,"column":1}},"3":{"start":{"line":12,"column":17},"end":{"line":12,"column":38}},"4":{"start":{"line":13,"column":16},"end":{"line":16,"column":3}},"5":{"start":{"line":17,"column":17},"end":{"line":17,"column":40}},"6":{"start":{"line":18,"column":2},"end":{"line":18,"column":25}},"7":{"start":{"line":21,"column":0},"end":{"line":25,"column":2}},"8":{"start":{"line":22,"column":2},"end":{"line":24,"column":52}}},"fnMap":{"0":{"name":"(anonymous_0)","decl":{"start":{"line":11,"column":20},"end":{"line":11,"column":21}},"loc":{"start":{"line":11,"column":32},"end":{"line":19,"column":1}},"line":11},"1":{"name":"(anonymous_1)","decl":{"start":{"line":21,"column":14},"end":{"line":21,"column":15}},"loc":{"start":{"line":21,"column":34},"end":{"line":25,"column":1}},"line":21}},"branchMap":{},"s":{"0":2,"1":2,"2":2,"3":1,"4":1,"5":1,"6":1,"7":2,"8":1},"f":{"0":1,"1":1},"b":{},"_coverageSchema":"1a1c01bbd47fc00a2c39e90264f33305004495a9","hash":"254c7ae0be799ee4e50e77dbdef8031d2d301d1e"}
,"C:\\UCSC Classes\\2022-23\\Fall2022\\CSE 186\\Assignment8\\backend\\src\\email.js": {"path":"C:\\UCSC Classes\\2022-23\\Fall2022\\CSE 186\\Assignment8\\backend\\src\\email.js","statementMap":{"0":{"start":{"line":1,"column":15},"end":{"line":1,"column":28}},"1":{"start":{"line":3,"column":13},"end":{"line":9,"column":2}},"2":{"start":{"line":11,"column":0},"end":{"line":57,"column":2}},"3":{"start":{"line":12,"column":18},"end":{"line":12,"column":35}},"4":{"start":{"line":14,"column":15},"end":{"line":14,"column":35}},"5":{"start":{"line":15,"column":2},"end":{"line":15,"column":53}},"6":{"start":{"line":16,"column":2},"end":{"line":16,"column":38}},"7":{"start":{"line":17,"column":2},"end":{"line":17,"column":48}},"8":{"start":{"line":18,"column":2},"end":{"line":18,"column":37}},"9":{"start":{"line":20,"column":15},"end":{"line":20,"column":40}},"10":{"start":{"line":22,"column":2},"end":{"line":29,"column":3}},"11":{"start":{"line":23,"column":4},"end":{"line":23,"column":34}},"12":{"start":{"line":24,"column":4},"end":{"line":24,"column":53}},"13":{"start":{"line":25,"column":4},"end":{"line":25,"column":33}},"14":{"start":{"line":26,"column":4},"end":{"line":26,"column":52}},"15":{"start":{"line":27,"column":4},"end":{"line":27,"column":36}},"16":{"start":{"line":28,"column":4},"end":{"line":28,"column":46}},"17":{"start":{"line":31,"column":16},"end":{"line":34,"column":3}},"18":{"start":{"line":36,"column":17},"end":{"line":36,"column":40}},"19":{"start":{"line":38,"column":17},"end":{"line":38,"column":19}},"20":{"start":{"line":39,"column":2},"end":{"line":52,"column":3}},"21":{"start":{"line":39,"column":15},"end":{"line":39,"column":16}},"22":{"start":{"line":40,"column":21},"end":{"line":40,"column":36}},"23":{"start":{"line":41,"column":4},"end":{"line":41,"column":32}},"24":{"start":{"line":43,"column":4},"end":{"line":49,"column":5}},"25":{"start":{"line":44,"column":6},"end":{"line":44,"column":47}},"26":{"start":{"line":45,"column":6},"end":{"line":45,"column":45}},"27":{"start":{"line":47,"column":6},"end":{"line":47,"column":49}},"28":{"start":{"line":48,"column":6},"end":{"line":48,"column":47}},"29":{"start":{"line":50,"column":4},"end":{"line":50,"column":28}},"30":{"start":{"line":51,"column":4},"end":{"line":51,"column":26}},"31":{"start":{"line":54,"column":2},"end":{"line":54,"column":60}},"32":{"start":{"line":54,"column":24},"end":{"line":54,"column":58}},"33":{"start":{"line":56,"column":2},"end":{"line":56,"column":31}},"34":{"start":{"line":59,"column":0},"end":{"line":75,"column":2}},"35":{"start":{"line":60,"column":15},"end":{"line":60,"column":44}},"36":{"start":{"line":61,"column":2},"end":{"line":61,"column":39}},"37":{"start":{"line":62,"column":16},"end":{"line":65,"column":3}},"38":{"start":{"line":66,"column":17},"end":{"line":66,"column":40}},"39":{"start":{"line":68,"column":17},"end":{"line":68,"column":19}},"40":{"start":{"line":69,"column":2},"end":{"line":72,"column":3}},"41":{"start":{"line":69,"column":15},"end":{"line":69,"column":16}},"42":{"start":{"line":70,"column":21},"end":{"line":70,"column":34}},"43":{"start":{"line":71,"column":4},"end":{"line":71,"column":26}},"44":{"start":{"line":74,"column":2},"end":{"line":74,"column":31}},"45":{"start":{"line":77,"column":0},"end":{"line":111,"column":2}},"46":{"start":{"line":78,"column":15},"end":{"line":78,"column":35}},"47":{"start":{"line":79,"column":2},"end":{"line":79,"column":30}},"48":{"start":{"line":80,"column":16},"end":{"line":83,"column":3}},"49":{"start":{"line":85,"column":17},"end":{"line":85,"column":40}},"50":{"start":{"line":87,"column":2},"end":{"line":90,"column":3}},"51":{"start":{"line":88,"column":4},"end":{"line":88,"column":27}},"52":{"start":{"line":89,"column":4},"end":{"line":89,"column":11}},"53":{"start":{"line":92,"column":19},"end":{"line":92,"column":34}},"54":{"start":{"line":94,"column":2},"end":{"line":98,"column":3}},"55":{"start":{"line":95,"column":4},"end":{"line":95,"column":42}},"56":{"start":{"line":97,"column":4},"end":{"line":97,"column":44}},"57":{"start":{"line":100,"column":2},"end":{"line":100,"column":27}},"58":{"start":{"line":102,"column":2},"end":{"line":108,"column":3}},"59":{"start":{"line":103,"column":4},"end":{"line":103,"column":45}},"60":{"start":{"line":104,"column":4},"end":{"line":104,"column":43}},"61":{"start":{"line":106,"column":4},"end":{"line":106,"column":47}},"62":{"start":{"line":107,"column":4},"end":{"line":107,"column":45}},"63":{"start":{"line":110,"column":2},"end":{"line":110,"column":33}},"64":{"start":{"line":113,"column":0},"end":{"line":160,"column":2}},"65":{"start":{"line":114,"column":15},"end":{"line":114,"column":23}},"66":{"start":{"line":116,"column":15},"end":{"line":116,"column":37}},"67":{"start":{"line":117,"column":2},"end":{"line":117,"column":33}},"68":{"start":{"line":118,"column":16},"end":{"line":121,"column":3}},"69":{"start":{"line":122,"column":17},"end":{"line":122,"column":40}},"70":{"start":{"line":124,"column":13},"end":{"line":126,"column":3}},"71":{"start":{"line":127,"column":15},"end":{"line":130,"column":3}},"72":{"start":{"line":132,"column":2},"end":{"line":136,"column":3}},"73":{"start":{"line":133,"column":4},"end":{"line":133,"column":28}},"74":{"start":{"line":135,"column":4},"end":{"line":135,"column":24}},"75":{"start":{"line":138,"column":18},"end":{"line":144,"column":3}},"76":{"start":{"line":146,"column":15},"end":{"line":146,"column":52}},"77":{"start":{"line":147,"column":2},"end":{"line":147,"column":57}},"78":{"start":{"line":148,"column":17},"end":{"line":151,"column":3}},"79":{"start":{"line":152,"column":16},"end":{"line":152,"column":43}},"80":{"start":{"line":154,"column":2},"end":{"line":154,"column":27}},"81":{"start":{"line":155,"column":2},"end":{"line":155,"column":26}},"82":{"start":{"line":156,"column":2},"end":{"line":156,"column":25}},"83":{"start":{"line":157,"column":2},"end":{"line":157,"column":25}},"84":{"start":{"line":159,"column":2},"end":{"line":159,"column":32}},"85":{"start":{"line":162,"column":22},"end":{"line":165,"column":1}},"86":{"start":{"line":163,"column":17},"end":{"line":163,"column":41}},"87":{"start":{"line":164,"column":2},"end":{"line":164,"column":14}},"88":{"start":{"line":167,"column":0},"end":{"line":192,"column":2}},"89":{"start":{"line":168,"column":15},"end":{"line":168,"column":67}},"90":{"start":{"line":169,"column":2},"end":{"line":169,"column":30}},"91":{"start":{"line":171,"column":16},"end":{"line":174,"column":3}},"92":{"start":{"line":175,"column":17},"end":{"line":175,"column":40}},"93":{"start":{"line":177,"column":18},"end":{"line":177,"column":33}},"94":{"start":{"line":180,"column":2},"end":{"line":184,"column":3}},"95":{"start":{"line":181,"column":4},"end":{"line":181,"column":59}},"96":{"start":{"line":183,"column":4},"end":{"line":183,"column":63}},"97":{"start":{"line":185,"column":2},"end":{"line":185,"column":30}},"98":{"start":{"line":186,"column":17},"end":{"line":189,"column":3}},"99":{"start":{"line":190,"column":2},"end":{"line":190,"column":27}},"100":{"start":{"line":191,"column":2},"end":{"line":191,"column":25}},"101":{"start":{"line":194,"column":0},"end":{"line":219,"column":2}},"102":{"start":{"line":195,"column":15},"end":{"line":195,"column":65}},"103":{"start":{"line":196,"column":2},"end":{"line":196,"column":30}},"104":{"start":{"line":198,"column":16},"end":{"line":201,"column":3}},"105":{"start":{"line":202,"column":17},"end":{"line":202,"column":40}},"106":{"start":{"line":204,"column":18},"end":{"line":204,"column":33}},"107":{"start":{"line":207,"column":2},"end":{"line":211,"column":3}},"108":{"start":{"line":208,"column":4},"end":{"line":208,"column":57}},"109":{"start":{"line":210,"column":4},"end":{"line":210,"column":61}},"110":{"start":{"line":212,"column":2},"end":{"line":212,"column":30}},"111":{"start":{"line":213,"column":17},"end":{"line":216,"column":3}},"112":{"start":{"line":217,"column":2},"end":{"line":217,"column":27}},"113":{"start":{"line":218,"column":2},"end":{"line":218,"column":25}},"114":{"start":{"line":221,"column":0},"end":{"line":232,"column":2}},"115":{"start":{"line":222,"column":18},"end":{"line":222,"column":31}},"116":{"start":{"line":224,"column":15},"end":{"line":224,"column":58}},"117":{"start":{"line":225,"column":2},"end":{"line":225,"column":32}},"118":{"start":{"line":226,"column":16},"end":{"line":229,"column":3}},"119":{"start":{"line":230,"column":2},"end":{"line":230,"column":26}},"120":{"start":{"line":231,"column":2},"end":{"line":231,"column":33}},"121":{"start":{"line":234,"column":0},"end":{"line":259,"column":2}},"122":{"start":{"line":235,"column":15},"end":{"line":235,"column":65}},"123":{"start":{"line":236,"column":2},"end":{"line":236,"column":30}},"124":{"start":{"line":238,"column":16},"end":{"line":241,"column":3}},"125":{"start":{"line":242,"column":17},"end":{"line":242,"column":40}},"126":{"start":{"line":244,"column":18},"end":{"line":244,"column":33}},"127":{"start":{"line":247,"column":2},"end":{"line":251,"column":3}},"128":{"start":{"line":248,"column":4},"end":{"line":248,"column":47}},"129":{"start":{"line":250,"column":4},"end":{"line":250,"column":49}},"130":{"start":{"line":252,"column":2},"end":{"line":252,"column":30}},"131":{"start":{"line":253,"column":17},"end":{"line":256,"column":3}},"132":{"start":{"line":257,"column":2},"end":{"line":257,"column":27}},"133":{"start":{"line":258,"column":2},"end":{"line":258,"column":25}},"134":{"start":{"line":261,"column":0},"end":{"line":304,"column":2}},"135":{"start":{"line":262,"column":21},"end":{"line":262,"column":37}},"136":{"start":{"line":264,"column":15},"end":{"line":264,"column":35}},"137":{"start":{"line":265,"column":2},"end":{"line":265,"column":53}},"138":{"start":{"line":266,"column":2},"end":{"line":266,"column":66}},"139":{"start":{"line":267,"column":2},"end":{"line":267,"column":63}},"140":{"start":{"line":268,"column":2},"end":{"line":268,"column":60}},"141":{"start":{"line":269,"column":2},"end":{"line":269,"column":62}},"142":{"start":{"line":270,"column":2},"end":{"line":270,"column":48}},"143":{"start":{"line":271,"column":2},"end":{"line":271,"column":68}},"144":{"start":{"line":272,"column":2},"end":{"line":272,"column":65}},"145":{"start":{"line":273,"column":2},"end":{"line":273,"column":60}},"146":{"start":{"line":274,"column":2},"end":{"line":274,"column":62}},"147":{"start":{"line":276,"column":17},"end":{"line":276,"column":45}},"148":{"start":{"line":278,"column":16},"end":{"line":281,"column":3}},"149":{"start":{"line":283,"column":17},"end":{"line":283,"column":40}},"150":{"start":{"line":285,"column":17},"end":{"line":285,"column":19}},"151":{"start":{"line":286,"column":2},"end":{"line":299,"column":3}},"152":{"start":{"line":286,"column":15},"end":{"line":286,"column":16}},"153":{"start":{"line":287,"column":21},"end":{"line":287,"column":36}},"154":{"start":{"line":288,"column":4},"end":{"line":288,"column":32}},"155":{"start":{"line":290,"column":4},"end":{"line":296,"column":5}},"156":{"start":{"line":291,"column":6},"end":{"line":291,"column":47}},"157":{"start":{"line":292,"column":6},"end":{"line":292,"column":45}},"158":{"start":{"line":294,"column":6},"end":{"line":294,"column":49}},"159":{"start":{"line":295,"column":6},"end":{"line":295,"column":47}},"160":{"start":{"line":297,"column":4},"end":{"line":297,"column":28}},"161":{"start":{"line":298,"column":4},"end":{"line":298,"column":26}},"162":{"start":{"line":301,"column":2},"end":{"line":301,"column":60}},"163":{"start":{"line":301,"column":24},"end":{"line":301,"column":58}},"164":{"start":{"line":303,"column":2},"end":{"line":303,"column":31}}},"fnMap":{"0":{"name":"(anonymous_0)","decl":{"start":{"line":11,"column":21},"end":{"line":11,"column":22}},"loc":{"start":{"line":11,"column":41},"end":{"line":57,"column":1}},"line":11},"1":{"name":"(anonymous_1)","decl":{"start":{"line":54,"column":14},"end":{"line":54,"column":15}},"loc":{"start":{"line":54,"column":24},"end":{"line":54,"column":58}},"line":54},"2":{"name":"(anonymous_2)","decl":{"start":{"line":59,"column":22},"end":{"line":59,"column":23}},"loc":{"start":{"line":59,"column":42},"end":{"line":75,"column":1}},"line":59},"3":{"name":"(anonymous_3)","decl":{"start":{"line":77,"column":21},"end":{"line":77,"column":22}},"loc":{"start":{"line":77,"column":41},"end":{"line":111,"column":1}},"line":77},"4":{"name":"(anonymous_4)","decl":{"start":{"line":113,"column":19},"end":{"line":113,"column":20}},"loc":{"start":{"line":113,"column":39},"end":{"line":160,"column":1}},"line":113},"5":{"name":"(anonymous_5)","decl":{"start":{"line":162,"column":22},"end":{"line":162,"column":23}},"loc":{"start":{"line":162,"column":40},"end":{"line":165,"column":1}},"line":162},"6":{"name":"(anonymous_6)","decl":{"start":{"line":167,"column":21},"end":{"line":167,"column":22}},"loc":{"start":{"line":167,"column":41},"end":{"line":192,"column":1}},"line":167},"7":{"name":"(anonymous_7)","decl":{"start":{"line":194,"column":20},"end":{"line":194,"column":21}},"loc":{"start":{"line":194,"column":40},"end":{"line":219,"column":1}},"line":194},"8":{"name":"(anonymous_8)","decl":{"start":{"line":221,"column":24},"end":{"line":221,"column":25}},"loc":{"start":{"line":221,"column":44},"end":{"line":232,"column":1}},"line":221},"9":{"name":"(anonymous_9)","decl":{"start":{"line":234,"column":21},"end":{"line":234,"column":22}},"loc":{"start":{"line":234,"column":41},"end":{"line":259,"column":1}},"line":234},"10":{"name":"(anonymous_10)","decl":{"start":{"line":261,"column":21},"end":{"line":261,"column":22}},"loc":{"start":{"line":261,"column":41},"end":{"line":304,"column":1}},"line":261},"11":{"name":"(anonymous_11)","decl":{"start":{"line":301,"column":14},"end":{"line":301,"column":15}},"loc":{"start":{"line":301,"column":24},"end":{"line":301,"column":58}},"line":301}},"branchMap":{"0":{"loc":{"start":{"line":22,"column":2},"end":{"line":29,"column":3}},"type":"if","locations":[{"start":{"line":22,"column":2},"end":{"line":29,"column":3}},{"start":{},"end":{}}],"line":22},"1":{"loc":{"start":{"line":43,"column":4},"end":{"line":49,"column":5}},"type":"if","locations":[{"start":{"line":43,"column":4},"end":{"line":49,"column":5}},{"start":{"line":46,"column":11},"end":{"line":49,"column":5}}],"line":43},"2":{"loc":{"start":{"line":54,"column":24},"end":{"line":54,"column":58}},"type":"cond-expr","locations":[{"start":{"line":54,"column":52},"end":{"line":54,"column":53}},{"start":{"line":54,"column":56},"end":{"line":54,"column":58}}],"line":54},"3":{"loc":{"start":{"line":87,"column":2},"end":{"line":90,"column":3}},"type":"if","locations":[{"start":{"line":87,"column":2},"end":{"line":90,"column":3}},{"start":{},"end":{}}],"line":87},"4":{"loc":{"start":{"line":94,"column":2},"end":{"line":98,"column":3}},"type":"if","locations":[{"start":{"line":94,"column":2},"end":{"line":98,"column":3}},{"start":{"line":96,"column":9},"end":{"line":98,"column":3}}],"line":94},"5":{"loc":{"start":{"line":102,"column":2},"end":{"line":108,"column":3}},"type":"if","locations":[{"start":{"line":102,"column":2},"end":{"line":108,"column":3}},{"start":{"line":105,"column":9},"end":{"line":108,"column":3}}],"line":102},"6":{"loc":{"start":{"line":132,"column":2},"end":{"line":136,"column":3}},"type":"if","locations":[{"start":{"line":132,"column":2},"end":{"line":136,"column":3}},{"start":{"line":134,"column":9},"end":{"line":136,"column":3}}],"line":132},"7":{"loc":{"start":{"line":180,"column":2},"end":{"line":184,"column":3}},"type":"if","locations":[{"start":{"line":180,"column":2},"end":{"line":184,"column":3}},{"start":{"line":182,"column":9},"end":{"line":184,"column":3}}],"line":180},"8":{"loc":{"start":{"line":207,"column":2},"end":{"line":211,"column":3}},"type":"if","locations":[{"start":{"line":207,"column":2},"end":{"line":211,"column":3}},{"start":{"line":209,"column":9},"end":{"line":211,"column":3}}],"line":207},"9":{"loc":{"start":{"line":247,"column":2},"end":{"line":251,"column":3}},"type":"if","locations":[{"start":{"line":247,"column":2},"end":{"line":251,"column":3}},{"start":{"line":249,"column":9},"end":{"line":251,"column":3}}],"line":247},"10":{"loc":{"start":{"line":290,"column":4},"end":{"line":296,"column":5}},"type":"if","locations":[{"start":{"line":290,"column":4},"end":{"line":296,"column":5}},{"start":{"line":293,"column":11},"end":{"line":296,"column":5}}],"line":290},"11":{"loc":{"start":{"line":301,"column":24},"end":{"line":301,"column":58}},"type":"cond-expr","locations":[{"start":{"line":301,"column":52},"end":{"line":301,"column":53}},{"start":{"line":301,"column":56},"end":{"line":301,"column":58}}],"line":301}},"s":{"0":2,"1":2,"2":2,"3":3,"4":3,"5":3,"6":3,"7":3,"8":3,"9":3,"10":3,"11":1,"12":1,"13":1,"14":1,"15":1,"16":1,"17":3,"18":3,"19":3,"20":3,"21":3,"22":8,"23":8,"24":8,"25":4,"26":4,"27":4,"28":4,"29":8,"30":8,"31":3,"32":12,"33":3,"34":2,"35":1,"36":1,"37":1,"38":1,"39":1,"40":1,"41":1,"42":1,"43":1,"44":1,"45":2,"46":3,"47":3,"48":3,"49":3,"50":3,"51":1,"52":1,"53":2,"54":2,"55":1,"56":1,"57":2,"58":2,"59":1,"60":1,"61":1,"62":1,"63":2,"64":2,"65":2,"66":2,"67":2,"68":2,"69":2,"70":2,"71":2,"72":2,"73":1,"74":1,"75":2,"76":2,"77":2,"78":2,"79":2,"80":2,"81":2,"82":2,"83":2,"84":2,"85":2,"86":2,"87":2,"88":2,"89":2,"90":2,"91":2,"92":2,"93":2,"94":2,"95":1,"96":1,"97":2,"98":2,"99":2,"100":2,"101":2,"102":2,"103":2,"104":2,"105":2,"106":2,"107":2,"108":1,"109":1,"110":2,"111":2,"112":2,"113":2,"114":2,"115":1,"116":1,"117":1,"118":1,"119":1,"120":1,"121":2,"122":2,"123":2,"124":2,"125":2,"126":2,"127":2,"128":1,"129":1,"130":2,"131":2,"132":2,"133":2,"134":2,"135":1,"136":1,"137":1,"138":1,"139":1,"140":1,"141":1,"142":1,"143":1,"144":1,"145":1,"146":1,"147":1,"148":1,"149":1,"150":1,"151":1,"152":1,"153":3,"154":3,"155":3,"156":2,"157":2,"158":1,"159":1,"160":3,"161":3,"162":1,"163":4,"164":1},"f":{"0":3,"1":12,"2":1,"3":3,"4":2,"5":2,"6":2,"7":2,"8":1,"9":2,"10":1,"11":4},"b":{"0":[1,2],"1":[4,4],"2":[4,8],"3":[1,2],"4":[1,1],"5":[1,1],"6":[1,1],"7":[1,1],"8":[1,1],"9":[1,1],"10":[2,1],"11":[1,3]},"_coverageSchema":"1a1c01bbd47fc00a2c39e90264f33305004495a9","hash":"3030d1eb1eb5fcb2dfc24603c678437c7a4b8490"}
,"C:\\UCSC Classes\\2022-23\\Fall2022\\CSE 186\\Assignment8\\backend\\src\\__tests__\\db.js": {"path":"C:\\UCSC Classes\\2022-23\\Fall2022\\CSE 186\\Assignment8\\backend\\src\\__tests__\\db.js","statementMap":{"0":{"start":{"line":5,"column":11},"end":{"line":5,"column":24}},"1":{"start":{"line":6,"column":15},"end":{"line":6,"column":28}},"2":{"start":{"line":8,"column":0},"end":{"line":8,"column":27}},"3":{"start":{"line":9,"column":0},"end":{"line":9,"column":31}},"4":{"start":{"line":11,"column":13},"end":{"line":17,"column":2}},"5":{"start":{"line":19,"column":12},"end":{"line":25,"column":1}},"6":{"start":{"line":20,"column":18},"end":{"line":20,"column":47}},"7":{"start":{"line":21,"column":21},"end":{"line":21,"column":43}},"8":{"start":{"line":22,"column":2},"end":{"line":24,"column":3}},"9":{"start":{"line":23,"column":4},"end":{"line":23,"column":32}},"10":{"start":{"line":27,"column":0},"end":{"line":31,"column":2}},"11":{"start":{"line":28,"column":2},"end":{"line":28,"column":30}},"12":{"start":{"line":29,"column":2},"end":{"line":29,"column":28}},"13":{"start":{"line":30,"column":2},"end":{"line":30,"column":31}},"14":{"start":{"line":33,"column":0},"end":{"line":37,"column":2}},"15":{"start":{"line":34,"column":2},"end":{"line":36,"column":5}}},"fnMap":{"0":{"name":"(anonymous_0)","decl":{"start":{"line":19,"column":12},"end":{"line":19,"column":13}},"loc":{"start":{"line":19,"column":28},"end":{"line":25,"column":1}},"line":19},"1":{"name":"(anonymous_1)","decl":{"start":{"line":27,"column":16},"end":{"line":27,"column":17}},"loc":{"start":{"line":27,"column":28},"end":{"line":31,"column":1}},"line":27},"2":{"name":"(anonymous_2)","decl":{"start":{"line":33,"column":19},"end":{"line":33,"column":20}},"loc":{"start":{"line":33,"column":25},"end":{"line":37,"column":1}},"line":33},"3":{"name":"(anonymous_3)","decl":{"start":{"line":34,"column":11},"end":{"line":34,"column":12}},"loc":{"start":{"line":34,"column":17},"end":{"line":36,"column":3}},"line":34}},"branchMap":{},"s":{"0":2,"1":2,"2":2,"3":2,"4":2,"5":2,"6":6,"7":6,"8":6,"9":146,"10":2,"11":2,"12":2,"13":2,"14":2,"15":2},"f":{"0":6,"1":2,"2":2,"3":2},"b":{},"_coverageSchema":"1a1c01bbd47fc00a2c39e90264f33305004495a9","hash":"0b67215af19b3c248d6226a37c5668eed83d3f0a"}
}
