TN:
SF:src\app.js
FN:44,(anonymous_0)
FNF:1
FNH:1
FNDA:2,(anonymous_0)
DA:1,2
DA:2,2
DA:3,2
DA:4,2
DA:5,2
DA:6,2
DA:7,2
DA:9,2
DA:10,2
DA:11,2
DA:13,2
DA:14,2
DA:15,2
DA:16,2
DA:18,2
DA:20,2
DA:21,2
DA:23,2
DA:31,2
DA:33,2
DA:34,2
DA:35,2
DA:36,2
DA:37,2
DA:38,2
DA:39,2
DA:40,2
DA:41,2
DA:42,2
DA:44,2
DA:45,2
DA:52,2
LF:32
LH:32
BRF:0
BRH:0
end_of_record
TN:
SF:src\auth.js
FN:16,(anonymous_0)
FN:49,(anonymous_1)
FN:53,(anonymous_2)
FNF:3
FNH:3
FNDA:3,(anonymous_0)
FNDA:18,(anonymous_1)
FNDA:18,(anonymous_2)
DA:1,2
DA:2,2
DA:4,2
DA:6,2
DA:8,2
DA:16,2
DA:17,3
DA:18,3
DA:20,3
DA:21,3
DA:22,3
DA:26,3
DA:28,3
DA:29,1
DA:32,3
DA:33,1
DA:39,1
DA:45,2
DA:49,2
DA:50,18
DA:52,18
DA:53,18
DA:54,18
DA:55,1
DA:57,17
DA:58,17
LF:26
LH:26
BRDA:28,0,0,1
BRDA:28,0,1,2
BRDA:28,1,0,3
BRDA:28,1,1,2
BRDA:32,2,0,1
BRDA:32,2,1,2
BRDA:54,3,0,1
BRDA:54,3,1,17
BRF:8
BRH:8
end_of_record
TN:
SF:src\dummy.js
FN:11,(anonymous_0)
FN:21,(anonymous_1)
FNF:2
FNH:2
FNDA:1,(anonymous_0)
FNDA:1,(anonymous_1)
DA:1,2
DA:3,2
DA:11,2
DA:12,1
DA:13,1
DA:17,1
DA:18,1
DA:21,2
DA:22,1
LF:9
LH:9
BRF:0
BRH:0
end_of_record
TN:
SF:src\email.js
FN:11,(anonymous_0)
FN:54,(anonymous_1)
FN:59,(anonymous_2)
FN:77,(anonymous_3)
FN:113,(anonymous_4)
FN:162,(anonymous_5)
FN:167,(anonymous_6)
FN:194,(anonymous_7)
FN:221,(anonymous_8)
FN:234,(anonymous_9)
FN:261,(anonymous_10)
FN:301,(anonymous_11)
FNF:12
FNH:12
FNDA:3,(anonymous_0)
FNDA:12,(anonymous_1)
FNDA:1,(anonymous_2)
FNDA:3,(anonymous_3)
FNDA:2,(anonymous_4)
FNDA:2,(anonymous_5)
FNDA:2,(anonymous_6)
FNDA:2,(anonymous_7)
FNDA:1,(anonymous_8)
FNDA:2,(anonymous_9)
FNDA:1,(anonymous_10)
FNDA:4,(anonymous_11)
DA:1,2
DA:3,2
DA:11,2
DA:12,3
DA:14,3
DA:15,3
DA:16,3
DA:17,3
DA:18,3
DA:20,3
DA:22,3
DA:23,1
DA:24,1
DA:25,1
DA:26,1
DA:27,1
DA:28,1
DA:31,3
DA:36,3
DA:38,3
DA:39,3
DA:40,8
DA:41,8
DA:43,8
DA:44,4
DA:45,4
DA:47,4
DA:48,4
DA:50,8
DA:51,8
DA:54,12
DA:56,3
DA:59,2
DA:60,1
DA:61,1
DA:62,1
DA:66,1
DA:68,1
DA:69,1
DA:70,1
DA:71,1
DA:74,1
DA:77,2
DA:78,3
DA:79,3
DA:80,3
DA:85,3
DA:87,3
DA:88,1
DA:89,1
DA:92,2
DA:94,2
DA:95,1
DA:97,1
DA:100,2
DA:102,2
DA:103,1
DA:104,1
DA:106,1
DA:107,1
DA:110,2
DA:113,2
DA:114,2
DA:116,2
DA:117,2
DA:118,2
DA:122,2
DA:124,2
DA:127,2
DA:132,2
DA:133,1
DA:135,1
DA:138,2
DA:146,2
DA:147,2
DA:148,2
DA:152,2
DA:154,2
DA:155,2
DA:156,2
DA:157,2
DA:159,2
DA:162,2
DA:163,2
DA:164,2
DA:167,2
DA:168,2
DA:169,2
DA:171,2
DA:175,2
DA:177,2
DA:180,2
DA:181,1
DA:183,1
DA:185,2
DA:186,2
DA:190,2
DA:191,2
DA:194,2
DA:195,2
DA:196,2
DA:198,2
DA:202,2
DA:204,2
DA:207,2
DA:208,1
DA:210,1
DA:212,2
DA:213,2
DA:217,2
DA:218,2
DA:221,2
DA:222,1
DA:224,1
DA:225,1
DA:226,1
DA:230,1
DA:231,1
DA:234,2
DA:235,2
DA:236,2
DA:238,2
DA:242,2
DA:244,2
DA:247,2
DA:248,1
DA:250,1
DA:252,2
DA:253,2
DA:257,2
DA:258,2
DA:261,2
DA:262,1
DA:264,1
DA:265,1
DA:266,1
DA:267,1
DA:268,1
DA:269,1
DA:270,1
DA:271,1
DA:272,1
DA:273,1
DA:274,1
DA:276,1
DA:278,1
DA:283,1
DA:285,1
DA:286,1
DA:287,3
DA:288,3
DA:290,3
DA:291,2
DA:292,2
DA:294,1
DA:295,1
DA:297,3
DA:298,3
DA:301,4
DA:303,1
LF:160
LH:160
BRDA:22,0,0,1
BRDA:22,0,1,2
BRDA:43,1,0,4
BRDA:43,1,1,4
BRDA:54,2,0,4
BRDA:54,2,1,8
BRDA:87,3,0,1
BRDA:87,3,1,2
BRDA:94,4,0,1
BRDA:94,4,1,1
BRDA:102,5,0,1
BRDA:102,5,1,1
BRDA:132,6,0,1
BRDA:132,6,1,1
BRDA:180,7,0,1
BRDA:180,7,1,1
BRDA:207,8,0,1
BRDA:207,8,1,1
BRDA:247,9,0,1
BRDA:247,9,1,1
BRDA:290,10,0,2
BRDA:290,10,1,1
BRDA:301,11,0,1
BRDA:301,11,1,3
BRF:24
BRH:24
end_of_record
TN:
SF:src\__tests__\db.js
FN:19,(anonymous_0)
FN:27,(anonymous_1)
FN:33,(anonymous_2)
FN:34,(anonymous_3)
FNF:4
FNH:4
FNDA:6,(anonymous_0)
FNDA:2,(anonymous_1)
FNDA:2,(anonymous_2)
FNDA:2,(anonymous_3)
DA:5,2
DA:6,2
DA:8,2
DA:9,2
DA:11,2
DA:19,2
DA:20,6
DA:21,6
DA:22,6
DA:23,146
DA:27,2
DA:28,2
DA:29,2
DA:30,2
DA:33,2
DA:34,2
LF:16
LH:16
BRF:0
BRH:0
end_of_record
